<?xml version="1.0" encoding="utf-8"?>
<test-run id="2" testcasecount="34" result="Failed(Child)" total="34" passed="32" failed="2" inconclusive="0" skipped="0" asserts="0" engine-version="3.5.0.0" clr-version="4.0.30319.42000" start-time="2026-02-19 12:18:57Z" end-time="2026-02-19 12:18:57Z" duration="0.0999528">
  <test-suite type="TestSuite" id="1000" name="project" fullname="project" runstate="Runnable" testcasecount="73" result="Failed" site="Child" start-time="2026-02-19 12:18:57Z" end-time="2026-02-19 12:18:57Z" duration="0.099953" total="34" passed="32" failed="2" inconclusive="0" skipped="0" asserts="0">
    <properties>
      <property name="platform" value="EditMode" />
    </properties>
    <failure>
      <message><![CDATA[One or more child tests had errors]]></message>
    </failure>
    <test-suite type="Assembly" id="1082" name="MascotDesktop.Tests.EditMode.dll" fullname="D:/dev/MascotDesktop/Unity_PJ/project/Library/ScriptAssemblies/MascotDesktop.Tests.EditMode.dll" runstate="Runnable" testcasecount="73" result="Failed" site="Child" start-time="2026-02-19 12:18:57Z" end-time="2026-02-19 12:18:57Z" duration="0.089666" total="34" passed="32" failed="2" inconclusive="0" skipped="0" asserts="0">
      <properties>
        <property name="_PID" value="10384" />
        <property name="_APPDOMAIN" value="Unity Child Domain" />
        <property name="platform" value="EditMode" />
        <property name="EditorOnly" value="True" />
      </properties>
      <failure>
        <message><![CDATA[One or more child tests had errors]]></message>
      </failure>
      <test-suite type="TestSuite" id="1083" name="MascotDesktop" fullname="MascotDesktop" runstate="Runnable" testcasecount="73" result="Failed" site="Child" start-time="2026-02-19 12:18:57Z" end-time="2026-02-19 12:18:57Z" duration="0.088059" total="34" passed="32" failed="2" inconclusive="0" skipped="0" asserts="0">
        <properties />
        <failure>
          <message><![CDATA[One or more child tests had errors]]></message>
        </failure>
        <test-suite type="TestSuite" id="1084" name="Tests" fullname="MascotDesktop.Tests" runstate="Runnable" testcasecount="73" result="Failed" site="Child" start-time="2026-02-19 12:18:57Z" end-time="2026-02-19 12:18:57Z" duration="0.086761" total="34" passed="32" failed="2" inconclusive="0" skipped="0" asserts="0">
          <properties />
          <failure>
            <message><![CDATA[One or more child tests had errors]]></message>
          </failure>
          <test-suite type="TestSuite" id="1085" name="EditMode" fullname="MascotDesktop.Tests.EditMode" runstate="Runnable" testcasecount="73" result="Failed" site="Child" start-time="2026-02-19 12:18:57Z" end-time="2026-02-19 12:18:57Z" duration="0.085462" total="34" passed="32" failed="2" inconclusive="0" skipped="0" asserts="0">
            <properties />
            <failure>
              <message><![CDATA[One or more child tests had errors]]></message>
            </failure>
            <test-suite type="TestFixture" id="1047" name="SimpleModelBootstrapTests" fullname="MascotDesktop.Tests.EditMode.SimpleModelBootstrapTests" classname="MascotDesktop.Tests.EditMode.SimpleModelBootstrapTests" runstate="Runnable" testcasecount="34" result="Failed" site="Child" start-time="2026-02-19 12:18:57Z" end-time="2026-02-19 12:18:57Z" duration="0.083186" total="34" passed="32" failed="2" inconclusive="0" skipped="0" asserts="0">
              <properties />
              <failure>
                <message><![CDATA[One or more child tests had errors]]></message>
              </failure>
              <test-case id="1050" name="BuildImageCandidatesFromRelativePaths_LimitsImagesPerGroupToFour" fullname="MascotDesktop.Tests.EditMode.SimpleModelBootstrapTests.BuildImageCandidatesFromRelativePaths_LimitsImagesPerGroupToFour" methodname="BuildImageCandidatesFromRelativePaths_LimitsImagesPerGroupToFour" classname="MascotDesktop.Tests.EditMode.SimpleModelBootstrapTests" runstate="Runnable" seed="668650584" result="Passed" start-time="2026-02-19 12:18:57Z" end-time="2026-02-19 12:18:57Z" duration="0.021590" asserts="0">
                <properties>
                  <property name="retryIteration" value="0" />
                  <property name="repeatIteration" value="0" />
                </properties>
              </test-case>
              <test-case id="1048" name="BuildModelCandidatesFromRelativePaths_IncludesModelFormatsOnly" fullname="MascotDesktop.Tests.EditMode.SimpleModelBootstrapTests.BuildModelCandidatesFromRelativePaths_IncludesModelFormatsOnly" methodname="BuildModelCandidatesFromRelativePaths_IncludesModelFormatsOnly" classname="MascotDesktop.Tests.EditMode.SimpleModelBootstrapTests" runstate="Runnable" seed="1354258477" result="Passed" start-time="2026-02-19 12:18:57Z" end-time="2026-02-19 12:18:57Z" duration="0.000533" asserts="0">
                <properties>
                  <property name="retryIteration" value="0" />
                  <property name="repeatIteration" value="0" />
                </properties>
              </test-case>
              <test-case id="1049" name="BuildModelCandidatesFromRelativePaths_ReturnsSortedDistinctList" fullname="MascotDesktop.Tests.EditMode.SimpleModelBootstrapTests.BuildModelCandidatesFromRelativePaths_ReturnsSortedDistinctList" methodname="BuildModelCandidatesFromRelativePaths_ReturnsSortedDistinctList" classname="MascotDesktop.Tests.EditMode.SimpleModelBootstrapTests" runstate="Runnable" seed="602678006" result="Passed" start-time="2026-02-19 12:18:57Z" end-time="2026-02-19 12:18:57Z" duration="0.000439" asserts="0">
                <properties>
                  <property name="retryIteration" value="0" />
                  <property name="repeatIteration" value="0" />
                </properties>
              </test-case>
              <test-case id="1056" name="ComputeCameraFitScale_ReturnsLessThanOne_WhenModelExceedsView" fullname="MascotDesktop.Tests.EditMode.SimpleModelBootstrapTests.ComputeCameraFitScale_ReturnsLessThanOne_WhenModelExceedsView" methodname="ComputeCameraFitScale_ReturnsLessThanOne_WhenModelExceedsView" classname="MascotDesktop.Tests.EditMode.SimpleModelBootstrapTests" runstate="Runnable" seed="584518954" result="Passed" start-time="2026-02-19 12:18:57Z" end-time="2026-02-19 12:18:57Z" duration="0.003899" asserts="0">
                <properties>
                  <property name="retryIteration" value="0" />
                  <property name="repeatIteration" value="0" />
                </properties>
              </test-case>
              <test-case id="1055" name="ComputeCameraFitScale_ReturnsOne_WhenModelAlreadyFits" fullname="MascotDesktop.Tests.EditMode.SimpleModelBootstrapTests.ComputeCameraFitScale_ReturnsOne_WhenModelAlreadyFits" methodname="ComputeCameraFitScale_ReturnsOne_WhenModelAlreadyFits" classname="MascotDesktop.Tests.EditMode.SimpleModelBootstrapTests" runstate="Runnable" seed="192282766" result="Passed" start-time="2026-02-19 12:18:57Z" end-time="2026-02-19 12:18:57Z" duration="0.000581" asserts="0">
                <properties>
                  <property name="retryIteration" value="0" />
                  <property name="repeatIteration" value="0" />
                </properties>
              </test-case>
              <test-case id="1051" name="ComputeImagePlaneScale_FitsLandscapeIntoFallbackBounds" fullname="MascotDesktop.Tests.EditMode.SimpleModelBootstrapTests.ComputeImagePlaneScale_FitsLandscapeIntoFallbackBounds" methodname="ComputeImagePlaneScale_FitsLandscapeIntoFallbackBounds" classname="MascotDesktop.Tests.EditMode.SimpleModelBootstrapTests" runstate="Runnable" seed="1949332995" result="Passed" start-time="2026-02-19 12:18:57Z" end-time="2026-02-19 12:18:57Z" duration="0.000368" asserts="0">
                <properties>
                  <property name="retryIteration" value="0" />
                  <property name="repeatIteration" value="0" />
                </properties>
              </test-case>
              <test-case id="1052" name="ComputeImagePlaneScale_FitsPortraitIntoFallbackBounds" fullname="MascotDesktop.Tests.EditMode.SimpleModelBootstrapTests.ComputeImagePlaneScale_FitsPortraitIntoFallbackBounds" methodname="ComputeImagePlaneScale_FitsPortraitIntoFallbackBounds" classname="MascotDesktop.Tests.EditMode.SimpleModelBootstrapTests" runstate="Runnable" seed="1520090564" result="Passed" start-time="2026-02-19 12:18:57Z" end-time="2026-02-19 12:18:57Z" duration="0.000205" asserts="0">
                <properties>
                  <property name="retryIteration" value="0" />
                  <property name="repeatIteration" value="0" />
                </properties>
              </test-case>
              <test-case id="1053" name="ComputeImagePlaneScale_ReturnsFallback_WhenTextureSizeInvalid" fullname="MascotDesktop.Tests.EditMode.SimpleModelBootstrapTests.ComputeImagePlaneScale_ReturnsFallback_WhenTextureSizeInvalid" methodname="ComputeImagePlaneScale_ReturnsFallback_WhenTextureSizeInvalid" classname="MascotDesktop.Tests.EditMode.SimpleModelBootstrapTests" runstate="Runnable" seed="80114273" result="Passed" start-time="2026-02-19 12:18:57Z" end-time="2026-02-19 12:18:57Z" duration="0.001411" asserts="0">
                <properties>
                  <property name="retryIteration" value="0" />
                  <property name="repeatIteration" value="0" />
                </properties>
              </test-case>
              <test-case id="1054" name="ComputeModelScaleFactor_ClampsToConfiguredRange" fullname="MascotDesktop.Tests.EditMode.SimpleModelBootstrapTests.ComputeModelScaleFactor_ClampsToConfiguredRange" methodname="ComputeModelScaleFactor_ClampsToConfiguredRange" classname="MascotDesktop.Tests.EditMode.SimpleModelBootstrapTests" runstate="Runnable" seed="1594764905" result="Passed" start-time="2026-02-19 12:18:57Z" end-time="2026-02-19 12:18:57Z" duration="0.000242" asserts="0">
                <properties>
                  <property name="retryIteration" value="0" />
                  <property name="repeatIteration" value="0" />
                </properties>
              </test-case>
              <test-case id="1071" name="DiagnosticsHelpers_BuildRemediationHint_PrefersAssetResolutionWhenResolveMissingExists" fullname="MascotDesktop.Tests.EditMode.SimpleModelBootstrapTests.DiagnosticsHelpers_BuildRemediationHint_PrefersAssetResolutionWhenResolveMissingExists" methodname="DiagnosticsHelpers_BuildRemediationHint_PrefersAssetResolutionWhenResolveMissingExists" classname="MascotDesktop.Tests.EditMode.SimpleModelBootstrapTests" runstate="Runnable" seed="2137281181" result="Passed" start-time="2026-02-19 12:18:57Z" end-time="2026-02-19 12:18:57Z" duration="0.000597" asserts="0">
                <properties>
                  <property name="retryIteration" value="0" />
                  <property name="repeatIteration" value="0" />
                </properties>
              </test-case>
              <test-case id="1072" name="DiagnosticsHelpers_BuildRemediationHint_PrefersMaterialLoaderWhenTextureAlphaDominates" fullname="MascotDesktop.Tests.EditMode.SimpleModelBootstrapTests.DiagnosticsHelpers_BuildRemediationHint_PrefersMaterialLoaderWhenTextureAlphaDominates" methodname="DiagnosticsHelpers_BuildRemediationHint_PrefersMaterialLoaderWhenTextureAlphaDominates" classname="MascotDesktop.Tests.EditMode.SimpleModelBootstrapTests" runstate="Runnable" seed="1521086859" result="Passed" start-time="2026-02-19 12:18:57Z" end-time="2026-02-19 12:18:57Z" duration="0.000156" asserts="0">
                <properties>
                  <property name="retryIteration" value="0" />
                  <property name="repeatIteration" value="0" />
                </properties>
              </test-case>
              <test-case id="1074" name="DiagnosticsHelpers_BuildRemediationHint_PrefersShaderLightingWhenBrightDiffuseIsHigh" fullname="MascotDesktop.Tests.EditMode.SimpleModelBootstrapTests.DiagnosticsHelpers_BuildRemediationHint_PrefersShaderLightingWhenBrightDiffuseIsHigh" methodname="DiagnosticsHelpers_BuildRemediationHint_PrefersShaderLightingWhenBrightDiffuseIsHigh" classname="MascotDesktop.Tests.EditMode.SimpleModelBootstrapTests" runstate="Runnable" seed="1501274555" result="Passed" start-time="2026-02-19 12:18:57Z" end-time="2026-02-19 12:18:57Z" duration="0.000121" asserts="0">
                <properties>
                  <property name="retryIteration" value="0" />
                  <property name="repeatIteration" value="0" />
                </properties>
              </test-case>
              <test-case id="1073" name="DiagnosticsHelpers_BuildRemediationHint_PrefersShaderLightingWhenEdgeAlphaDominates" fullname="MascotDesktop.Tests.EditMode.SimpleModelBootstrapTests.DiagnosticsHelpers_BuildRemediationHint_PrefersShaderLightingWhenEdgeAlphaDominates" methodname="DiagnosticsHelpers_BuildRemediationHint_PrefersShaderLightingWhenEdgeAlphaDominates" classname="MascotDesktop.Tests.EditMode.SimpleModelBootstrapTests" runstate="Runnable" seed="1181590958" result="Passed" start-time="2026-02-19 12:18:57Z" end-time="2026-02-19 12:18:57Z" duration="0.000117" asserts="0">
                <properties>
                  <property name="retryIteration" value="0" />
                  <property name="repeatIteration" value="0" />
                </properties>
              </test-case>
              <test-case id="1075" name="DiagnosticsHelpers_BuildRemediationHint_ReturnsMixedWhenNoDominantSignal" fullname="MascotDesktop.Tests.EditMode.SimpleModelBootstrapTests.DiagnosticsHelpers_BuildRemediationHint_ReturnsMixedWhenNoDominantSignal" methodname="DiagnosticsHelpers_BuildRemediationHint_ReturnsMixedWhenNoDominantSignal" classname="MascotDesktop.Tests.EditMode.SimpleModelBootstrapTests" runstate="Runnable" seed="777355705" result="Passed" start-time="2026-02-19 12:18:57Z" end-time="2026-02-19 12:18:57Z" duration="0.000115" asserts="0">
                <properties>
                  <property name="retryIteration" value="0" />
                  <property name="repeatIteration" value="0" />
                </properties>
              </test-case>
              <test-case id="1069" name="DiagnosticsHelpers_CountMissingTextureStatus_ClassifiesSpecResolveUnknown" fullname="MascotDesktop.Tests.EditMode.SimpleModelBootstrapTests.DiagnosticsHelpers_CountMissingTextureStatus_ClassifiesSpecResolveUnknown" methodname="DiagnosticsHelpers_CountMissingTextureStatus_ClassifiesSpecResolveUnknown" classname="MascotDesktop.Tests.EditMode.SimpleModelBootstrapTests" runstate="Runnable" seed="388130476" result="Passed" start-time="2026-02-19 12:18:57Z" end-time="2026-02-19 12:18:57Z" duration="0.000684" asserts="0">
                <properties>
                  <property name="retryIteration" value="0" />
                  <property name="repeatIteration" value="0" />
                </properties>
              </test-case>
              <test-case id="1068" name="DiagnosticsHelpers_HasTransparentReason_SplitsCombinedTag" fullname="MascotDesktop.Tests.EditMode.SimpleModelBootstrapTests.DiagnosticsHelpers_HasTransparentReason_SplitsCombinedTag" methodname="DiagnosticsHelpers_HasTransparentReason_SplitsCombinedTag" classname="MascotDesktop.Tests.EditMode.SimpleModelBootstrapTests" runstate="Runnable" seed="1769772991" result="Passed" start-time="2026-02-19 12:18:57Z" end-time="2026-02-19 12:18:57Z" duration="0.000775" asserts="0">
                <properties>
                  <property name="retryIteration" value="0" />
                  <property name="repeatIteration" value="0" />
                </properties>
              </test-case>
              <test-case id="1061" name="DiagnosticsHelpers_IsTextureFilePath_DetectsKnownExtensions" fullname="MascotDesktop.Tests.EditMode.SimpleModelBootstrapTests.DiagnosticsHelpers_IsTextureFilePath_DetectsKnownExtensions" methodname="DiagnosticsHelpers_IsTextureFilePath_DetectsKnownExtensions" classname="MascotDesktop.Tests.EditMode.SimpleModelBootstrapTests" runstate="Runnable" seed="1183559" result="Passed" start-time="2026-02-19 12:18:57Z" end-time="2026-02-19 12:18:57Z" duration="0.000617" asserts="0">
                <properties>
                  <property name="retryIteration" value="0" />
                  <property name="repeatIteration" value="0" />
                </properties>
              </test-case>
              <test-case id="1070" name="DiagnosticsHelpers_IsTextureStatus_MatchesIgnoreCase" fullname="MascotDesktop.Tests.EditMode.SimpleModelBootstrapTests.DiagnosticsHelpers_IsTextureStatus_MatchesIgnoreCase" methodname="DiagnosticsHelpers_IsTextureStatus_MatchesIgnoreCase" classname="MascotDesktop.Tests.EditMode.SimpleModelBootstrapTests" runstate="Runnable" seed="1913311525" result="Passed" start-time="2026-02-19 12:18:57Z" end-time="2026-02-19 12:18:57Z" duration="0.000442" asserts="0">
                <properties>
                  <property name="retryIteration" value="0" />
                  <property name="repeatIteration" value="0" />
                </properties>
              </test-case>
              <test-case id="1057" name="DiagnosticsHelpers_SkipRootPlaceholderSkinnedRenderer" fullname="MascotDesktop.Tests.EditMode.SimpleModelBootstrapTests.DiagnosticsHelpers_SkipRootPlaceholderSkinnedRenderer" methodname="DiagnosticsHelpers_SkipRootPlaceholderSkinnedRenderer" classname="MascotDesktop.Tests.EditMode.SimpleModelBootstrapTests" runstate="Runnable" seed="914775570" result="Passed" start-time="2026-02-19 12:18:57Z" end-time="2026-02-19 12:18:57Z" duration="0.005521" asserts="0">
                <properties>
                  <property name="retryIteration" value="0" />
                  <property name="repeatIteration" value="0" />
                </properties>
              </test-case>
              <test-case id="1058" name="DiagnosticsHelpers_SkipsMaterialsWithoutMainTexAndStatusTag" fullname="MascotDesktop.Tests.EditMode.SimpleModelBootstrapTests.DiagnosticsHelpers_SkipsMaterialsWithoutMainTexAndStatusTag" methodname="DiagnosticsHelpers_SkipsMaterialsWithoutMainTexAndStatusTag" classname="MascotDesktop.Tests.EditMode.SimpleModelBootstrapTests" runstate="Runnable" seed="129209579" result="Passed" start-time="2026-02-19 12:18:57Z" end-time="2026-02-19 12:18:57Z" duration="0.002936" asserts="0">
                <properties>
                  <property name="retryIteration" value="0" />
                  <property name="repeatIteration" value="0" />
                </properties>
              </test-case>
              <test-case id="1077" name="MaterialLoaderShaderCaps_UsesStrongerEdgeClampWhenEdgeAlphaIsLow" fullname="MascotDesktop.Tests.EditMode.SimpleModelBootstrapTests.MaterialLoaderShaderCaps_UsesStrongerEdgeClampWhenEdgeAlphaIsLow" methodname="MaterialLoaderShaderCaps_UsesStrongerEdgeClampWhenEdgeAlphaIsLow" classname="MascotDesktop.Tests.EditMode.SimpleModelBootstrapTests" runstate="Runnable" seed="1726953130" result="Failed" start-time="2026-02-19 12:18:57Z" end-time="2026-02-19 12:18:57Z" duration="0.004476" asserts="0">
                <properties>
                  <property name="retryIteration" value="0" />
                  <property name="repeatIteration" value="0" />
                </properties>
                <failure>
                  <message><![CDATA[  ResolveEdgeContributionCap not found.
  Expected: not null
  But was:  null
]]></message>
                  <stack-trace><![CDATA[at MascotDesktop.Tests.EditMode.SimpleModelBootstrapTests.InvokeMaterialLoaderEdgeContributionCap (LibMMD.Material.MmdMaterial material) [0x00078] in D:\dev\MascotDesktop\Unity_PJ\project\Assets\Tests\EditMode\SimpleModelBootstrapTests.cs:687
at MascotDesktop.Tests.EditMode.SimpleModelBootstrapTests.MaterialLoaderShaderCaps_UsesStrongerEdgeClampWhenEdgeAlphaIsLow () [0x00049] in D:\dev\MascotDesktop\Unity_PJ\project\Assets\Tests\EditMode\SimpleModelBootstrapTests.cs:444
]]></stack-trace>
                </failure>
              </test-case>
              <test-case id="1076" name="MaterialLoaderShaderCaps_UsesStrongerSpecularClampForHighShininess" fullname="MascotDesktop.Tests.EditMode.SimpleModelBootstrapTests.MaterialLoaderShaderCaps_UsesStrongerSpecularClampForHighShininess" methodname="MaterialLoaderShaderCaps_UsesStrongerSpecularClampForHighShininess" classname="MascotDesktop.Tests.EditMode.SimpleModelBootstrapTests" runstate="Runnable" seed="1596717015" result="Failed" start-time="2026-02-19 12:18:57Z" end-time="2026-02-19 12:18:57Z" duration="0.000879" asserts="0">
                <properties>
                  <property name="retryIteration" value="0" />
                  <property name="repeatIteration" value="0" />
                </properties>
                <failure>
                  <message><![CDATA[  ResolveSpecularContributionCap not found.
  Expected: not null
  But was:  null
]]></message>
                  <stack-trace><![CDATA[at MascotDesktop.Tests.EditMode.SimpleModelBootstrapTests.InvokeMaterialLoaderSpecularContributionCap (LibMMD.Material.MmdMaterial material) [0x00078] in D:\dev\MascotDesktop\Unity_PJ\project\Assets\Tests\EditMode\SimpleModelBootstrapTests.cs:672
at MascotDesktop.Tests.EditMode.SimpleModelBootstrapTests.MaterialLoaderShaderCaps_UsesStrongerSpecularClampForHighShininess () [0x00021] in D:\dev\MascotDesktop\Unity_PJ\project\Assets\Tests\EditMode\SimpleModelBootstrapTests.cs:431
]]></stack-trace>
                </failure>
              </test-case>
              <test-case id="1066" name="MaterialLoaderTransparencyHeuristic_CalculatesRequiredPixelsAtBoundary" fullname="MascotDesktop.Tests.EditMode.SimpleModelBootstrapTests.MaterialLoaderTransparencyHeuristic_CalculatesRequiredPixelsAtBoundary" methodname="MaterialLoaderTransparencyHeuristic_CalculatesRequiredPixelsAtBoundary" classname="MascotDesktop.Tests.EditMode.SimpleModelBootstrapTests" runstate="Runnable" seed="892465157" result="Passed" start-time="2026-02-19 12:18:57Z" end-time="2026-02-19 12:18:57Z" duration="0.001350" asserts="0">
                <properties>
                  <property name="retryIteration" value="0" />
                  <property name="repeatIteration" value="0" />
                </properties>
              </test-case>
              <test-case id="1065" name="MaterialLoaderTransparencyHeuristic_DoesNotTriggerOnLargeTextureSparseStrongAlpha" fullname="MascotDesktop.Tests.EditMode.SimpleModelBootstrapTests.MaterialLoaderTransparencyHeuristic_DoesNotTriggerOnLargeTextureSparseStrongAlpha" methodname="MaterialLoaderTransparencyHeuristic_DoesNotTriggerOnLargeTextureSparseStrongAlpha" classname="MascotDesktop.Tests.EditMode.SimpleModelBootstrapTests" runstate="Runnable" seed="567418359" result="Passed" start-time="2026-02-19 12:18:57Z" end-time="2026-02-19 12:18:57Z" duration="0.001833" asserts="0">
                <properties>
                  <property name="retryIteration" value="0" />
                  <property name="repeatIteration" value="0" />
                </properties>
              </test-case>
              <test-case id="1062" name="MaterialLoaderTransparencyHeuristic_IgnoresSparseAlphaNoise" fullname="MascotDesktop.Tests.EditMode.SimpleModelBootstrapTests.MaterialLoaderTransparencyHeuristic_IgnoresSparseAlphaNoise" methodname="MaterialLoaderTransparencyHeuristic_IgnoresSparseAlphaNoise" classname="MascotDesktop.Tests.EditMode.SimpleModelBootstrapTests" runstate="Runnable" seed="1487059744" result="Passed" start-time="2026-02-19 12:18:57Z" end-time="2026-02-19 12:18:57Z" duration="0.000685" asserts="0">
                <properties>
                  <property name="retryIteration" value="0" />
                  <property name="repeatIteration" value="0" />
                </properties>
              </test-case>
              <test-case id="1063" name="MaterialLoaderTransparencyHeuristic_UsesSemiTransparentRatioThreshold" fullname="MascotDesktop.Tests.EditMode.SimpleModelBootstrapTests.MaterialLoaderTransparencyHeuristic_UsesSemiTransparentRatioThreshold" methodname="MaterialLoaderTransparencyHeuristic_UsesSemiTransparentRatioThreshold" classname="MascotDesktop.Tests.EditMode.SimpleModelBootstrapTests" runstate="Runnable" seed="1857181407" result="Passed" start-time="2026-02-19 12:18:57Z" end-time="2026-02-19 12:18:57Z" duration="0.000553" asserts="0">
                <properties>
                  <property name="retryIteration" value="0" />
                  <property name="repeatIteration" value="0" />
                </properties>
              </test-case>
              <test-case id="1064" name="MaterialLoaderTransparencyHeuristic_UsesStrongTransparentRatioThreshold" fullname="MascotDesktop.Tests.EditMode.SimpleModelBootstrapTests.MaterialLoaderTransparencyHeuristic_UsesStrongTransparentRatioThreshold" methodname="MaterialLoaderTransparencyHeuristic_UsesStrongTransparentRatioThreshold" classname="MascotDesktop.Tests.EditMode.SimpleModelBootstrapTests" runstate="Runnable" seed="2125349470" result="Passed" start-time="2026-02-19 12:18:57Z" end-time="2026-02-19 12:18:57Z" duration="0.000508" asserts="0">
                <properties>
                  <property name="retryIteration" value="0" />
                  <property name="repeatIteration" value="0" />
                </properties>
              </test-case>
              <test-case id="1067" name="MaterialLoaderTransparentReasonTag_BuildsExpectedValues" fullname="MascotDesktop.Tests.EditMode.SimpleModelBootstrapTests.MaterialLoaderTransparentReasonTag_BuildsExpectedValues" methodname="MaterialLoaderTransparentReasonTag_BuildsExpectedValues" classname="MascotDesktop.Tests.EditMode.SimpleModelBootstrapTests" runstate="Runnable" seed="766056572" result="Passed" start-time="2026-02-19 12:18:57Z" end-time="2026-02-19 12:18:57Z" duration="0.001612" asserts="0">
                <properties>
                  <property name="retryIteration" value="0" />
                  <property name="repeatIteration" value="0" />
                </properties>
              </test-case>
              <test-case id="1081" name="MaterialLoaderWhiteFallback_DoesNotUseFallbackWhenMaterialIsNull" fullname="MascotDesktop.Tests.EditMode.SimpleModelBootstrapTests.MaterialLoaderWhiteFallback_DoesNotUseFallbackWhenMaterialIsNull" methodname="MaterialLoaderWhiteFallback_DoesNotUseFallbackWhenMaterialIsNull" classname="MascotDesktop.Tests.EditMode.SimpleModelBootstrapTests" runstate="Runnable" seed="1708385792" result="Passed" start-time="2026-02-19 12:18:57Z" end-time="2026-02-19 12:18:57Z" duration="0.000634" asserts="0">
                <properties>
                  <property name="retryIteration" value="0" />
                  <property name="repeatIteration" value="0" />
                </properties>
              </test-case>
              <test-case id="1078" name="MaterialLoaderWhiteFallback_UsesMissingSpecFallbackForOpaqueMaterial" fullname="MascotDesktop.Tests.EditMode.SimpleModelBootstrapTests.MaterialLoaderWhiteFallback_UsesMissingSpecFallbackForOpaqueMaterial" methodname="MaterialLoaderWhiteFallback_UsesMissingSpecFallbackForOpaqueMaterial" classname="MascotDesktop.Tests.EditMode.SimpleModelBootstrapTests" runstate="Runnable" seed="65185681" result="Passed" start-time="2026-02-19 12:18:57Z" end-time="2026-02-19 12:18:57Z" duration="0.000294" asserts="0">
                <properties>
                  <property name="retryIteration" value="0" />
                  <property name="repeatIteration" value="0" />
                </properties>
              </test-case>
              <test-case id="1080" name="MaterialLoaderWhiteFallback_UsesMissingSpecFallbackForShadowMaterial" fullname="MascotDesktop.Tests.EditMode.SimpleModelBootstrapTests.MaterialLoaderWhiteFallback_UsesMissingSpecFallbackForShadowMaterial" methodname="MaterialLoaderWhiteFallback_UsesMissingSpecFallbackForShadowMaterial" classname="MascotDesktop.Tests.EditMode.SimpleModelBootstrapTests" runstate="Runnable" seed="315072388" result="Passed" start-time="2026-02-19 12:18:57Z" end-time="2026-02-19 12:18:57Z" duration="0.000281" asserts="0">
                <properties>
                  <property name="retryIteration" value="0" />
                  <property name="repeatIteration" value="0" />
                </properties>
              </test-case>
              <test-case id="1079" name="MaterialLoaderWhiteFallback_UsesMissingSpecFallbackForTransparentMaterial" fullname="MascotDesktop.Tests.EditMode.SimpleModelBootstrapTests.MaterialLoaderWhiteFallback_UsesMissingSpecFallbackForTransparentMaterial" methodname="MaterialLoaderWhiteFallback_UsesMissingSpecFallbackForTransparentMaterial" classname="MascotDesktop.Tests.EditMode.SimpleModelBootstrapTests" runstate="Runnable" seed="1001780870" result="Passed" start-time="2026-02-19 12:18:57Z" end-time="2026-02-19 12:18:57Z" duration="0.000271" asserts="0">
                <properties>
                  <property name="retryIteration" value="0" />
                  <property name="repeatIteration" value="0" />
                </properties>
              </test-case>
              <test-case id="1059" name="TextureLoaderScore_PrefersModelNearbyCandidate" fullname="MascotDesktop.Tests.EditMode.SimpleModelBootstrapTests.TextureLoaderScore_PrefersModelNearbyCandidate" methodname="TextureLoaderScore_PrefersModelNearbyCandidate" classname="MascotDesktop.Tests.EditMode.SimpleModelBootstrapTests" runstate="Runnable" seed="784682568" result="Passed" start-time="2026-02-19 12:18:57Z" end-time="2026-02-19 12:18:57Z" duration="0.001808" asserts="0">
                <properties>
                  <property name="retryIteration" value="0" />
                  <property name="repeatIteration" value="0" />
                </properties>
              </test-case>
              <test-case id="1060" name="TextureLoaderScore_PrefersTextureFolderWhenDistanceMatches" fullname="MascotDesktop.Tests.EditMode.SimpleModelBootstrapTests.TextureLoaderScore_PrefersTextureFolderWhenDistanceMatches" methodname="TextureLoaderScore_PrefersTextureFolderWhenDistanceMatches" classname="MascotDesktop.Tests.EditMode.SimpleModelBootstrapTests" runstate="Runnable" seed="2040686546" result="Passed" start-time="2026-02-19 12:18:57Z" end-time="2026-02-19 12:18:57Z" duration="0.000396" asserts="0">
                <properties>
                  <property name="retryIteration" value="0" />
                  <property name="repeatIteration" value="0" />
                </properties>
                <output><![CDATA[Saving results to: D:\dev\MascotDesktop\Unity_PJ\artifacts\test-results\editmode-20260219_211847.xml
]]></output>
              </test-case>
            </test-suite>
          </test-suite>
        </test-suite>
      </test-suite>
    </test-suite>
  </test-suite>
</test-run>