<?xml version="1.0" encoding="utf-8"?>
<test-run id="2" testcasecount="22" result="Failed(Child)" total="22" passed="20" failed="2" inconclusive="0" skipped="0" asserts="0" engine-version="3.5.0.0" clr-version="4.0.30319.42000" start-time="2026-02-11 11:04:06Z" end-time="2026-02-11 11:04:06Z" duration="0.0893463">
  <test-suite type="TestSuite" id="1000" name="project" fullname="project" runstate="Runnable" testcasecount="54" result="Failed" site="Child" start-time="2026-02-11 11:04:06Z" end-time="2026-02-11 11:04:06Z" duration="0.089346" total="22" passed="20" failed="2" inconclusive="0" skipped="0" asserts="0">
    <properties>
      <property name="platform" value="EditMode" />
    </properties>
    <failure>
      <message><![CDATA[One or more child tests had errors]]></message>
    </failure>
    <test-suite type="Assembly" id="1062" name="MascotDesktop.Tests.EditMode.dll" fullname="D:/dev/MascotDesktop/Unity_PJ/project/Library/ScriptAssemblies/MascotDesktop.Tests.EditMode.dll" runstate="Runnable" testcasecount="54" result="Failed" site="Child" start-time="2026-02-11 11:04:06Z" end-time="2026-02-11 11:04:06Z" duration="0.079960" total="22" passed="20" failed="2" inconclusive="0" skipped="0" asserts="0">
      <properties>
        <property name="_PID" value="38196" />
        <property name="_APPDOMAIN" value="Unity Child Domain" />
        <property name="platform" value="EditMode" />
        <property name="EditorOnly" value="True" />
      </properties>
      <failure>
        <message><![CDATA[One or more child tests had errors]]></message>
      </failure>
      <test-suite type="TestSuite" id="1063" name="MascotDesktop" fullname="MascotDesktop" runstate="Runnable" testcasecount="54" result="Failed" site="Child" start-time="2026-02-11 11:04:06Z" end-time="2026-02-11 11:04:06Z" duration="0.078369" total="22" passed="20" failed="2" inconclusive="0" skipped="0" asserts="0">
        <properties />
        <failure>
          <message><![CDATA[One or more child tests had errors]]></message>
        </failure>
        <test-suite type="TestSuite" id="1064" name="Tests" fullname="MascotDesktop.Tests" runstate="Runnable" testcasecount="54" result="Failed" site="Child" start-time="2026-02-11 11:04:06Z" end-time="2026-02-11 11:04:06Z" duration="0.076852" total="22" passed="20" failed="2" inconclusive="0" skipped="0" asserts="0">
          <properties />
          <failure>
            <message><![CDATA[One or more child tests had errors]]></message>
          </failure>
          <test-suite type="TestSuite" id="1065" name="EditMode" fullname="MascotDesktop.Tests.EditMode" runstate="Runnable" testcasecount="54" result="Failed" site="Child" start-time="2026-02-11 11:04:06Z" end-time="2026-02-11 11:04:06Z" duration="0.075486" total="22" passed="20" failed="2" inconclusive="0" skipped="0" asserts="0">
            <properties />
            <failure>
              <message><![CDATA[One or more child tests had errors]]></message>
            </failure>
            <test-suite type="TestFixture" id="1039" name="SimpleModelBootstrapTests" fullname="MascotDesktop.Tests.EditMode.SimpleModelBootstrapTests" classname="MascotDesktop.Tests.EditMode.SimpleModelBootstrapTests" runstate="Runnable" testcasecount="22" result="Failed" site="Child" start-time="2026-02-11 11:04:06Z" end-time="2026-02-11 11:04:06Z" duration="0.070165" total="22" passed="20" failed="2" inconclusive="0" skipped="0" asserts="0">
              <properties />
              <failure>
                <message><![CDATA[One or more child tests had errors]]></message>
              </failure>
              <test-case id="1042" name="BuildImageCandidatesFromRelativePaths_LimitsImagesPerGroupToFour" fullname="MascotDesktop.Tests.EditMode.SimpleModelBootstrapTests.BuildImageCandidatesFromRelativePaths_LimitsImagesPerGroupToFour" methodname="BuildImageCandidatesFromRelativePaths_LimitsImagesPerGroupToFour" classname="MascotDesktop.Tests.EditMode.SimpleModelBootstrapTests" runstate="Runnable" seed="698966980" result="Passed" start-time="2026-02-11 11:04:06Z" end-time="2026-02-11 11:04:06Z" duration="0.021932" asserts="0">
                <properties>
                  <property name="retryIteration" value="0" />
                  <property name="repeatIteration" value="0" />
                </properties>
              </test-case>
              <test-case id="1040" name="BuildModelCandidatesFromRelativePaths_IncludesModelFormatsOnly" fullname="MascotDesktop.Tests.EditMode.SimpleModelBootstrapTests.BuildModelCandidatesFromRelativePaths_IncludesModelFormatsOnly" methodname="BuildModelCandidatesFromRelativePaths_IncludesModelFormatsOnly" classname="MascotDesktop.Tests.EditMode.SimpleModelBootstrapTests" runstate="Runnable" seed="38947598" result="Passed" start-time="2026-02-11 11:04:06Z" end-time="2026-02-11 11:04:06Z" duration="0.000560" asserts="0">
                <properties>
                  <property name="retryIteration" value="0" />
                  <property name="repeatIteration" value="0" />
                </properties>
              </test-case>
              <test-case id="1041" name="BuildModelCandidatesFromRelativePaths_ReturnsSortedDistinctList" fullname="MascotDesktop.Tests.EditMode.SimpleModelBootstrapTests.BuildModelCandidatesFromRelativePaths_ReturnsSortedDistinctList" methodname="BuildModelCandidatesFromRelativePaths_ReturnsSortedDistinctList" classname="MascotDesktop.Tests.EditMode.SimpleModelBootstrapTests" runstate="Runnable" seed="709610512" result="Passed" start-time="2026-02-11 11:04:06Z" end-time="2026-02-11 11:04:06Z" duration="0.000476" asserts="0">
                <properties>
                  <property name="retryIteration" value="0" />
                  <property name="repeatIteration" value="0" />
                </properties>
              </test-case>
              <test-case id="1048" name="ComputeCameraFitScale_ReturnsLessThanOne_WhenModelExceedsView" fullname="MascotDesktop.Tests.EditMode.SimpleModelBootstrapTests.ComputeCameraFitScale_ReturnsLessThanOne_WhenModelExceedsView" methodname="ComputeCameraFitScale_ReturnsLessThanOne_WhenModelExceedsView" classname="MascotDesktop.Tests.EditMode.SimpleModelBootstrapTests" runstate="Runnable" seed="1669325309" result="Passed" start-time="2026-02-11 11:04:06Z" end-time="2026-02-11 11:04:06Z" duration="0.003843" asserts="0">
                <properties>
                  <property name="retryIteration" value="0" />
                  <property name="repeatIteration" value="0" />
                </properties>
              </test-case>
              <test-case id="1047" name="ComputeCameraFitScale_ReturnsOne_WhenModelAlreadyFits" fullname="MascotDesktop.Tests.EditMode.SimpleModelBootstrapTests.ComputeCameraFitScale_ReturnsOne_WhenModelAlreadyFits" methodname="ComputeCameraFitScale_ReturnsOne_WhenModelAlreadyFits" classname="MascotDesktop.Tests.EditMode.SimpleModelBootstrapTests" runstate="Runnable" seed="360951231" result="Passed" start-time="2026-02-11 11:04:06Z" end-time="2026-02-11 11:04:06Z" duration="0.001087" asserts="0">
                <properties>
                  <property name="retryIteration" value="0" />
                  <property name="repeatIteration" value="0" />
                </properties>
              </test-case>
              <test-case id="1043" name="ComputeImagePlaneScale_FitsLandscapeIntoFallbackBounds" fullname="MascotDesktop.Tests.EditMode.SimpleModelBootstrapTests.ComputeImagePlaneScale_FitsLandscapeIntoFallbackBounds" methodname="ComputeImagePlaneScale_FitsLandscapeIntoFallbackBounds" classname="MascotDesktop.Tests.EditMode.SimpleModelBootstrapTests" runstate="Runnable" seed="1316023307" result="Passed" start-time="2026-02-11 11:04:06Z" end-time="2026-02-11 11:04:06Z" duration="0.000488" asserts="0">
                <properties>
                  <property name="retryIteration" value="0" />
                  <property name="repeatIteration" value="0" />
                </properties>
              </test-case>
              <test-case id="1044" name="ComputeImagePlaneScale_FitsPortraitIntoFallbackBounds" fullname="MascotDesktop.Tests.EditMode.SimpleModelBootstrapTests.ComputeImagePlaneScale_FitsPortraitIntoFallbackBounds" methodname="ComputeImagePlaneScale_FitsPortraitIntoFallbackBounds" classname="MascotDesktop.Tests.EditMode.SimpleModelBootstrapTests" runstate="Runnable" seed="1551279244" result="Passed" start-time="2026-02-11 11:04:06Z" end-time="2026-02-11 11:04:06Z" duration="0.000317" asserts="0">
                <properties>
                  <property name="retryIteration" value="0" />
                  <property name="repeatIteration" value="0" />
                </properties>
              </test-case>
              <test-case id="1045" name="ComputeImagePlaneScale_ReturnsFallback_WhenTextureSizeInvalid" fullname="MascotDesktop.Tests.EditMode.SimpleModelBootstrapTests.ComputeImagePlaneScale_ReturnsFallback_WhenTextureSizeInvalid" methodname="ComputeImagePlaneScale_ReturnsFallback_WhenTextureSizeInvalid" classname="MascotDesktop.Tests.EditMode.SimpleModelBootstrapTests" runstate="Runnable" seed="2144636693" result="Passed" start-time="2026-02-11 11:04:06Z" end-time="2026-02-11 11:04:06Z" duration="0.001654" asserts="0">
                <properties>
                  <property name="retryIteration" value="0" />
                  <property name="repeatIteration" value="0" />
                </properties>
              </test-case>
              <test-case id="1046" name="ComputeModelScaleFactor_ClampsToConfiguredRange" fullname="MascotDesktop.Tests.EditMode.SimpleModelBootstrapTests.ComputeModelScaleFactor_ClampsToConfiguredRange" methodname="ComputeModelScaleFactor_ClampsToConfiguredRange" classname="MascotDesktop.Tests.EditMode.SimpleModelBootstrapTests" runstate="Runnable" seed="2062934539" result="Passed" start-time="2026-02-11 11:04:06Z" end-time="2026-02-11 11:04:06Z" duration="0.000298" asserts="0">
                <properties>
                  <property name="retryIteration" value="0" />
                  <property name="repeatIteration" value="0" />
                </properties>
              </test-case>
              <test-case id="1060" name="DiagnosticsHelpers_CountMissingTextureStatus_ClassifiesSpecResolveUnknown" fullname="MascotDesktop.Tests.EditMode.SimpleModelBootstrapTests.DiagnosticsHelpers_CountMissingTextureStatus_ClassifiesSpecResolveUnknown" methodname="DiagnosticsHelpers_CountMissingTextureStatus_ClassifiesSpecResolveUnknown" classname="MascotDesktop.Tests.EditMode.SimpleModelBootstrapTests" runstate="Runnable" seed="198843093" result="Passed" start-time="2026-02-11 11:04:06Z" end-time="2026-02-11 11:04:06Z" duration="0.001010" asserts="0">
                <properties>
                  <property name="retryIteration" value="0" />
                  <property name="repeatIteration" value="0" />
                </properties>
              </test-case>
              <test-case id="1059" name="DiagnosticsHelpers_HasTransparentReason_SplitsCombinedTag" fullname="MascotDesktop.Tests.EditMode.SimpleModelBootstrapTests.DiagnosticsHelpers_HasTransparentReason_SplitsCombinedTag" methodname="DiagnosticsHelpers_HasTransparentReason_SplitsCombinedTag" classname="MascotDesktop.Tests.EditMode.SimpleModelBootstrapTests" runstate="Runnable" seed="776943195" result="Passed" start-time="2026-02-11 11:04:06Z" end-time="2026-02-11 11:04:06Z" duration="0.000828" asserts="0">
                <properties>
                  <property name="retryIteration" value="0" />
                  <property name="repeatIteration" value="0" />
                </properties>
              </test-case>
              <test-case id="1053" name="DiagnosticsHelpers_IsTextureFilePath_DetectsKnownExtensions" fullname="MascotDesktop.Tests.EditMode.SimpleModelBootstrapTests.DiagnosticsHelpers_IsTextureFilePath_DetectsKnownExtensions" methodname="DiagnosticsHelpers_IsTextureFilePath_DetectsKnownExtensions" classname="MascotDesktop.Tests.EditMode.SimpleModelBootstrapTests" runstate="Runnable" seed="341388164" result="Passed" start-time="2026-02-11 11:04:06Z" end-time="2026-02-11 11:04:06Z" duration="0.000467" asserts="0">
                <properties>
                  <property name="retryIteration" value="0" />
                  <property name="repeatIteration" value="0" />
                </properties>
              </test-case>
              <test-case id="1061" name="DiagnosticsHelpers_IsTextureStatus_MatchesIgnoreCase" fullname="MascotDesktop.Tests.EditMode.SimpleModelBootstrapTests.DiagnosticsHelpers_IsTextureStatus_MatchesIgnoreCase" methodname="DiagnosticsHelpers_IsTextureStatus_MatchesIgnoreCase" classname="MascotDesktop.Tests.EditMode.SimpleModelBootstrapTests" runstate="Runnable" seed="763340592" result="Passed" start-time="2026-02-11 11:04:06Z" end-time="2026-02-11 11:04:06Z" duration="0.000280" asserts="0">
                <properties>
                  <property name="retryIteration" value="0" />
                  <property name="repeatIteration" value="0" />
                </properties>
              </test-case>
              <test-case id="1049" name="DiagnosticsHelpers_SkipRootPlaceholderSkinnedRenderer" fullname="MascotDesktop.Tests.EditMode.SimpleModelBootstrapTests.DiagnosticsHelpers_SkipRootPlaceholderSkinnedRenderer" methodname="DiagnosticsHelpers_SkipRootPlaceholderSkinnedRenderer" classname="MascotDesktop.Tests.EditMode.SimpleModelBootstrapTests" runstate="Runnable" seed="1869528949" result="Passed" start-time="2026-02-11 11:04:06Z" end-time="2026-02-11 11:04:06Z" duration="0.002670" asserts="0">
                <properties>
                  <property name="retryIteration" value="0" />
                  <property name="repeatIteration" value="0" />
                </properties>
              </test-case>
              <test-case id="1050" name="DiagnosticsHelpers_SkipsMaterialsWithoutMainTexAndStatusTag" fullname="MascotDesktop.Tests.EditMode.SimpleModelBootstrapTests.DiagnosticsHelpers_SkipsMaterialsWithoutMainTexAndStatusTag" methodname="DiagnosticsHelpers_SkipsMaterialsWithoutMainTexAndStatusTag" classname="MascotDesktop.Tests.EditMode.SimpleModelBootstrapTests" runstate="Runnable" seed="1098406120" result="Passed" start-time="2026-02-11 11:04:06Z" end-time="2026-02-11 11:04:06Z" duration="0.002482" asserts="0">
                <properties>
                  <property name="retryIteration" value="0" />
                  <property name="repeatIteration" value="0" />
                </properties>
              </test-case>
              <test-case id="1057" name="MaterialLoaderTransparencyHeuristic_DoesNotTriggerOnLargeTextureSparseStrongAlpha" fullname="MascotDesktop.Tests.EditMode.SimpleModelBootstrapTests.MaterialLoaderTransparencyHeuristic_DoesNotTriggerOnLargeTextureSparseStrongAlpha" methodname="MaterialLoaderTransparencyHeuristic_DoesNotTriggerOnLargeTextureSparseStrongAlpha" classname="MascotDesktop.Tests.EditMode.SimpleModelBootstrapTests" runstate="Runnable" seed="422606438" result="Passed" start-time="2026-02-11 11:04:06Z" end-time="2026-02-11 11:04:06Z" duration="0.001913" asserts="0">
                <properties>
                  <property name="retryIteration" value="0" />
                  <property name="repeatIteration" value="0" />
                </properties>
              </test-case>
              <test-case id="1054" name="MaterialLoaderTransparencyHeuristic_IgnoresSparseAlphaNoise" fullname="MascotDesktop.Tests.EditMode.SimpleModelBootstrapTests.MaterialLoaderTransparencyHeuristic_IgnoresSparseAlphaNoise" methodname="MaterialLoaderTransparencyHeuristic_IgnoresSparseAlphaNoise" classname="MascotDesktop.Tests.EditMode.SimpleModelBootstrapTests" runstate="Runnable" seed="430631417" result="Passed" start-time="2026-02-11 11:04:06Z" end-time="2026-02-11 11:04:06Z" duration="0.000596" asserts="0">
                <properties>
                  <property name="retryIteration" value="0" />
                  <property name="repeatIteration" value="0" />
                </properties>
              </test-case>
              <test-case id="1055" name="MaterialLoaderTransparencyHeuristic_UsesSemiTransparentRatioThreshold" fullname="MascotDesktop.Tests.EditMode.SimpleModelBootstrapTests.MaterialLoaderTransparencyHeuristic_UsesSemiTransparentRatioThreshold" methodname="MaterialLoaderTransparencyHeuristic_UsesSemiTransparentRatioThreshold" classname="MascotDesktop.Tests.EditMode.SimpleModelBootstrapTests" runstate="Runnable" seed="698756574" result="Failed" start-time="2026-02-11 11:04:06Z" end-time="2026-02-11 11:04:06Z" duration="0.005120" asserts="0">
                <properties>
                  <property name="retryIteration" value="0" />
                  <property name="repeatIteration" value="0" />
                </properties>
                <failure>
                  <message><![CDATA[  Expected: True
  But was:  False
]]></message>
                  <stack-trace><![CDATA[at MascotDesktop.Tests.EditMode.SimpleModelBootstrapTests.MaterialLoaderTransparencyHeuristic_UsesSemiTransparentRatioThreshold () [0x000b6] in D:\dev\MascotDesktop\Unity_PJ\project\Assets\Tests\EditMode\SimpleModelBootstrapTests.cs:261
]]></stack-trace>
                </failure>
              </test-case>
              <test-case id="1056" name="MaterialLoaderTransparencyHeuristic_UsesStrongTransparentRatioThreshold" fullname="MascotDesktop.Tests.EditMode.SimpleModelBootstrapTests.MaterialLoaderTransparencyHeuristic_UsesStrongTransparentRatioThreshold" methodname="MaterialLoaderTransparencyHeuristic_UsesStrongTransparentRatioThreshold" classname="MascotDesktop.Tests.EditMode.SimpleModelBootstrapTests" runstate="Runnable" seed="1383004462" result="Failed" start-time="2026-02-11 11:04:06Z" end-time="2026-02-11 11:04:06Z" duration="0.000870" asserts="0">
                <properties>
                  <property name="retryIteration" value="0" />
                  <property name="repeatIteration" value="0" />
                </properties>
                <failure>
                  <message><![CDATA[  Expected: True
  But was:  False
]]></message>
                  <stack-trace><![CDATA[at MascotDesktop.Tests.EditMode.SimpleModelBootstrapTests.MaterialLoaderTransparencyHeuristic_UsesStrongTransparentRatioThreshold () [0x000bc] in D:\dev\MascotDesktop\Unity_PJ\project\Assets\Tests\EditMode\SimpleModelBootstrapTests.cs:279
]]></stack-trace>
                </failure>
              </test-case>
              <test-case id="1058" name="MaterialLoaderTransparentReasonTag_BuildsExpectedValues" fullname="MascotDesktop.Tests.EditMode.SimpleModelBootstrapTests.MaterialLoaderTransparentReasonTag_BuildsExpectedValues" methodname="MaterialLoaderTransparentReasonTag_BuildsExpectedValues" classname="MascotDesktop.Tests.EditMode.SimpleModelBootstrapTests" runstate="Runnable" seed="952695181" result="Passed" start-time="2026-02-11 11:04:06Z" end-time="2026-02-11 11:04:06Z" duration="0.001650" asserts="0">
                <properties>
                  <property name="retryIteration" value="0" />
                  <property name="repeatIteration" value="0" />
                </properties>
              </test-case>
              <test-case id="1051" name="TextureLoaderScore_PrefersModelNearbyCandidate" fullname="MascotDesktop.Tests.EditMode.SimpleModelBootstrapTests.TextureLoaderScore_PrefersModelNearbyCandidate" methodname="TextureLoaderScore_PrefersModelNearbyCandidate" classname="MascotDesktop.Tests.EditMode.SimpleModelBootstrapTests" runstate="Runnable" seed="339586118" result="Passed" start-time="2026-02-11 11:04:06Z" end-time="2026-02-11 11:04:06Z" duration="0.001869" asserts="0">
                <properties>
                  <property name="retryIteration" value="0" />
                  <property name="repeatIteration" value="0" />
                </properties>
              </test-case>
              <test-case id="1052" name="TextureLoaderScore_PrefersTextureFolderWhenDistanceMatches" fullname="MascotDesktop.Tests.EditMode.SimpleModelBootstrapTests.TextureLoaderScore_PrefersTextureFolderWhenDistanceMatches" methodname="TextureLoaderScore_PrefersTextureFolderWhenDistanceMatches" classname="MascotDesktop.Tests.EditMode.SimpleModelBootstrapTests" runstate="Runnable" seed="45091918" result="Passed" start-time="2026-02-11 11:04:06Z" end-time="2026-02-11 11:04:06Z" duration="0.000504" asserts="0">
                <properties>
                  <property name="retryIteration" value="0" />
                  <property name="repeatIteration" value="0" />
                </properties>
                <output><![CDATA[Saving results to: D:\dev\MascotDesktop\Unity_PJ\artifacts\test-results\editmode-20260211_200355.xml
]]></output>
              </test-case>
            </test-suite>
          </test-suite>
        </test-suite>
      </test-suite>
    </test-suite>
  </test-suite>
</test-run>