<?xml version="1.0" encoding="utf-8"?>
<test-run id="2" testcasecount="3" result="Failed(Child)" total="3" passed="1" failed="2" inconclusive="0" skipped="0" asserts="0" engine-version="3.5.0.0" clr-version="4.0.30319.42000" start-time="2026-02-20 01:29:21Z" end-time="2026-02-20 01:29:22Z" duration="0.0737685">
  <test-suite type="TestSuite" id="1000" name="project" fullname="project" runstate="Runnable" testcasecount="76" result="Failed" site="Child" start-time="2026-02-20 01:29:21Z" end-time="2026-02-20 01:29:22Z" duration="0.073769" total="3" passed="1" failed="2" inconclusive="0" skipped="0" asserts="0">
    <properties>
      <property name="platform" value="EditMode" />
    </properties>
    <failure>
      <message><![CDATA[One or more child tests had errors]]></message>
    </failure>
    <test-suite type="Assembly" id="1086" name="MascotDesktop.Tests.EditMode.dll" fullname="D:/dev/MascotDesktop/Unity_PJ/project/Library/ScriptAssemblies/MascotDesktop.Tests.EditMode.dll" runstate="Runnable" testcasecount="76" result="Failed" site="Child" start-time="2026-02-20 01:29:21Z" end-time="2026-02-20 01:29:22Z" duration="0.065068" total="3" passed="1" failed="2" inconclusive="0" skipped="0" asserts="0">
      <properties>
        <property name="_PID" value="27916" />
        <property name="_APPDOMAIN" value="Unity Child Domain" />
        <property name="platform" value="EditMode" />
        <property name="EditorOnly" value="True" />
      </properties>
      <failure>
        <message><![CDATA[One or more child tests had errors]]></message>
      </failure>
      <test-suite type="TestSuite" id="1087" name="MascotDesktop" fullname="MascotDesktop" runstate="Runnable" testcasecount="76" result="Failed" site="Child" start-time="2026-02-20 01:29:21Z" end-time="2026-02-20 01:29:22Z" duration="0.063793" total="3" passed="1" failed="2" inconclusive="0" skipped="0" asserts="0">
        <properties />
        <failure>
          <message><![CDATA[One or more child tests had errors]]></message>
        </failure>
        <test-suite type="TestSuite" id="1088" name="Tests" fullname="MascotDesktop.Tests" runstate="Runnable" testcasecount="76" result="Failed" site="Child" start-time="2026-02-20 01:29:21Z" end-time="2026-02-20 01:29:22Z" duration="0.062824" total="3" passed="1" failed="2" inconclusive="0" skipped="0" asserts="0">
          <properties />
          <failure>
            <message><![CDATA[One or more child tests had errors]]></message>
          </failure>
          <test-suite type="TestSuite" id="1089" name="EditMode" fullname="MascotDesktop.Tests.EditMode" runstate="Runnable" testcasecount="76" result="Failed" site="Child" start-time="2026-02-20 01:29:21Z" end-time="2026-02-20 01:29:22Z" duration="0.061892" total="3" passed="1" failed="2" inconclusive="0" skipped="0" asserts="0">
            <properties />
            <failure>
              <message><![CDATA[One or more child tests had errors]]></message>
            </failure>
            <test-suite type="TestFixture" id="1016" name="LoopbackHttpClientTests" fullname="MascotDesktop.Tests.EditMode.LoopbackHttpClientTests" classname="MascotDesktop.Tests.EditMode.LoopbackHttpClientTests" runstate="Runnable" testcasecount="3" result="Failed" site="Child" start-time="2026-02-20 01:29:21Z" end-time="2026-02-20 01:29:22Z" duration="0.059654" total="3" passed="1" failed="2" inconclusive="0" skipped="0" asserts="0">
              <properties />
              <failure>
                <message><![CDATA[One or more child tests had errors]]></message>
              </failure>
              <test-case id="1017" name="PostJsonAsync_DisabledBridge_ReturnsDisabledError" fullname="MascotDesktop.Tests.EditMode.LoopbackHttpClientTests.PostJsonAsync_DisabledBridge_ReturnsDisabledError" methodname="PostJsonAsync_DisabledBridge_ReturnsDisabledError" classname="MascotDesktop.Tests.EditMode.LoopbackHttpClientTests" runstate="Runnable" seed="1062813239" result="Passed" start-time="2026-02-20 01:29:21Z" end-time="2026-02-20 01:29:21Z" duration="0.029280" asserts="0">
                <properties>
                  <property name="retryIteration" value="0" />
                  <property name="repeatIteration" value="0" />
                </properties>
                <output><![CDATA[{"timestamp":"2026-02-20T01:29:21.9772168+00:00","level":"WARN","component":"ipc","event_name":"ipc.http.config_missing","request_id":"req-bridge-001","error_code":"IPC.HTTP.CONFIG_MISSING","message":"runtime config is missing","path":"","source_tier":"loopback_http","exception_type":"","exception_message":""}
]]></output>
              </test-case>
              <test-case id="1019" name="PostJsonAsync_GeneratesRequestId_WhenMissing" fullname="MascotDesktop.Tests.EditMode.LoopbackHttpClientTests.PostJsonAsync_GeneratesRequestId_WhenMissing" methodname="PostJsonAsync_GeneratesRequestId_WhenMissing" classname="MascotDesktop.Tests.EditMode.LoopbackHttpClientTests" runstate="Runnable" seed="563216818" result="Failed" start-time="2026-02-20 01:29:21Z" end-time="2026-02-20 01:29:22Z" duration="0.012962" asserts="0">
                <properties>
                  <property name="retryIteration" value="0" />
                  <property name="repeatIteration" value="0" />
                </properties>
                <failure>
                  <message><![CDATA[  Expected: True
  But was:  False
]]></message>
                  <stack-trace><![CDATA[at MascotDesktop.Tests.EditMode.LoopbackHttpClientTests.PostJsonAsync_GeneratesRequestId_WhenMissing () [0x000b4] in D:\dev\MascotDesktop\Unity_PJ\project\Assets\Tests\EditMode\LoopbackHttpClientTests.cs:79
at UnityEngine.TestTools.TestRunner.TestTaskWrapper+<Execute>d__2.MoveNext () [0x00063] in .\Library\PackageCache\com.unity.test-framework@0b7a23ab2e1d\UnityEngine.TestRunner\TestRunner\TestTaskWrapper.cs:31
at UnityEngine.TestTools.TestEnumerator+<Execute>d__7.MoveNext () [0x0003a] in .\Library\PackageCache\com.unity.test-framework@0b7a23ab2e1d\UnityEngine.TestRunner\NUnitExtensions\Attributes\TestEnumerator.cs:44
]]></stack-trace>
                </failure>
                <output><![CDATA[{"timestamp":"2026-02-20T01:29:21.9998292+00:00","level":"WARN","component":"ipc","event_name":"ipc.http.config_missing","request_id":"req-5ddc10dfef4a43a0b895ec189b9d4dbb","error_code":"IPC.HTTP.CONFIG_MISSING","message":"runtime config is missing","path":"","source_tier":"loopback_http","exception_type":"","exception_message":""}
]]></output>
              </test-case>
              <test-case id="1018" name="PostJsonAsync_InjectsRequestIdIntoHeaderAndBody_WhenMissingInBody" fullname="MascotDesktop.Tests.EditMode.LoopbackHttpClientTests.PostJsonAsync_InjectsRequestIdIntoHeaderAndBody_WhenMissingInBody" methodname="PostJsonAsync_InjectsRequestIdIntoHeaderAndBody_WhenMissingInBody" classname="MascotDesktop.Tests.EditMode.LoopbackHttpClientTests" runstate="Runnable" seed="457156877" result="Failed" start-time="2026-02-20 01:29:22Z" end-time="2026-02-20 01:29:22Z" duration="0.002717" asserts="0">
                <properties>
                  <property name="retryIteration" value="0" />
                  <property name="repeatIteration" value="0" />
                </properties>
                <failure>
                  <message><![CDATA[  Expected: True
  But was:  False
]]></message>
                  <stack-trace><![CDATA[at MascotDesktop.Tests.EditMode.LoopbackHttpClientTests.PostJsonAsync_InjectsRequestIdIntoHeaderAndBody_WhenMissingInBody () [0x000b9] in D:\dev\MascotDesktop\Unity_PJ\project\Assets\Tests\EditMode\LoopbackHttpClientTests.cs:61
at UnityEngine.TestTools.TestRunner.TestTaskWrapper+<Execute>d__2.MoveNext () [0x00063] in .\Library\PackageCache\com.unity.test-framework@0b7a23ab2e1d\UnityEngine.TestRunner\TestRunner\TestTaskWrapper.cs:31
at UnityEngine.TestTools.TestEnumerator+<Execute>d__7.MoveNext () [0x0003a] in .\Library\PackageCache\com.unity.test-framework@0b7a23ab2e1d\UnityEngine.TestRunner\NUnitExtensions\Attributes\TestEnumerator.cs:44
]]></stack-trace>
                </failure>
                <output><![CDATA[{"timestamp":"2026-02-20T01:29:22.0123493+00:00","level":"WARN","component":"ipc","event_name":"ipc.http.config_missing","request_id":"req-bridge-002","error_code":"IPC.HTTP.CONFIG_MISSING","message":"runtime config is missing","path":"","source_tier":"loopback_http","exception_type":"","exception_message":""}
Saving results to: D:\dev\MascotDesktop\Unity_PJ\artifacts\test-results\editmode-20260220_102912.xml
]]></output>
              </test-case>
            </test-suite>
          </test-suite>
        </test-suite>
      </test-suite>
    </test-suite>
  </test-suite>
</test-run>