<?xml version="1.0" encoding="utf-8"?>
<test-run id="2" testcasecount="5" result="Passed" total="5" passed="5" failed="0" inconclusive="0" skipped="0" asserts="0" engine-version="3.5.0.0" clr-version="4.0.30319.42000" start-time="2026-02-21 07:19:08Z" end-time="2026-02-21 07:19:08Z" duration="0.1233476">
  <test-suite type="TestSuite" id="1000" name="project" fullname="project" runstate="Runnable" testcasecount="83" result="Passed" start-time="2026-02-21 07:19:08Z" end-time="2026-02-21 07:19:08Z" duration="0.123348" total="5" passed="5" failed="0" inconclusive="0" skipped="0" asserts="0">
    <properties>
      <property name="platform" value="EditMode" />
    </properties>
    <test-suite type="Assembly" id="1094" name="MascotDesktop.Tests.EditMode.dll" fullname="D:/dev/MascotDesktop/Unity_PJ/project/Library/ScriptAssemblies/MascotDesktop.Tests.EditMode.dll" runstate="Runnable" testcasecount="83" result="Passed" start-time="2026-02-21 07:19:08Z" end-time="2026-02-21 07:19:08Z" duration="0.114594" total="5" passed="5" failed="0" inconclusive="0" skipped="0" asserts="0">
      <properties>
        <property name="_PID" value="15228" />
        <property name="_APPDOMAIN" value="Unity Child Domain" />
        <property name="platform" value="EditMode" />
        <property name="EditorOnly" value="True" />
      </properties>
      <test-suite type="TestSuite" id="1095" name="MascotDesktop" fullname="MascotDesktop" runstate="Runnable" testcasecount="83" result="Passed" start-time="2026-02-21 07:19:08Z" end-time="2026-02-21 07:19:08Z" duration="0.113344" total="5" passed="5" failed="0" inconclusive="0" skipped="0" asserts="0">
        <properties />
        <test-suite type="TestSuite" id="1096" name="Tests" fullname="MascotDesktop.Tests" runstate="Runnable" testcasecount="83" result="Passed" start-time="2026-02-21 07:19:08Z" end-time="2026-02-21 07:19:08Z" duration="0.112394" total="5" passed="5" failed="0" inconclusive="0" skipped="0" asserts="0">
          <properties />
          <test-suite type="TestSuite" id="1097" name="EditMode" fullname="MascotDesktop.Tests.EditMode" runstate="Runnable" testcasecount="83" result="Passed" start-time="2026-02-21 07:19:08Z" end-time="2026-02-21 07:19:08Z" duration="0.110882" total="5" passed="5" failed="0" inconclusive="0" skipped="0" asserts="0">
            <properties />
            <test-suite type="TestFixture" id="1012" name="CoreOrchestratorLlmIntegrationTests" fullname="MascotDesktop.Tests.EditMode.CoreOrchestratorLlmIntegrationTests" classname="MascotDesktop.Tests.EditMode.CoreOrchestratorLlmIntegrationTests" runstate="Runnable" testcasecount="5" result="Passed" start-time="2026-02-21 07:19:08Z" end-time="2026-02-21 07:19:08Z" duration="0.105222" total="5" passed="5" failed="0" inconclusive="0" skipped="0" asserts="0">
              <properties />
              <test-case id="1017" name="SendChatWithBridgeResult_BridgeFailed_AvatarStateChanged_RidMatchesRequestId_AndFallbackLogged" fullname="MascotDesktop.Tests.EditMode.CoreOrchestratorLlmIntegrationTests.SendChatWithBridgeResult_BridgeFailed_AvatarStateChanged_RidMatchesRequestId_AndFallbackLogged" methodname="SendChatWithBridgeResult_BridgeFailed_AvatarStateChanged_RidMatchesRequestId_AndFallbackLogged" classname="MascotDesktop.Tests.EditMode.CoreOrchestratorLlmIntegrationTests" runstate="Runnable" seed="1689065437" result="Passed" start-time="2026-02-21 07:19:08Z" end-time="2026-02-21 07:19:08Z" duration="0.055278" asserts="0">
                <properties>
                  <property name="retryIteration" value="0" />
                  <property name="repeatIteration" value="0" />
                </properties>
                <output><![CDATA[{"timestamp":"2026-02-21T07:19:08.5710837+00:00","level":"WARN","component":"core","event_name":"core.chat.bridge_fallback","request_id":"req-llm-rid-fallback-005","error_code":"IPC.HTTP.REQUEST_FAILED","message":"bridge chat failed (retryable=True); fallback to local rule","path":"core","source_tier":"","exception_type":"","exception_message":""}
{"timestamp":"2026-02-21T07:19:08.5754134+00:00","level":"INFO","component":"core","event_name":"core.avatar.state_applied","request_id":"req-llm-rid-fallback-005","error_code":"","message":"avatar state updated","path":"happy","source_tier":"core","exception_type":"","exception_message":""}
]]></output>
              </test-case>
              <test-case id="1014" name="SendChatWithBridgeResult_BridgeFailed_FallsBackToLocalRule" fullname="MascotDesktop.Tests.EditMode.CoreOrchestratorLlmIntegrationTests.SendChatWithBridgeResult_BridgeFailed_FallsBackToLocalRule" methodname="SendChatWithBridgeResult_BridgeFailed_FallsBackToLocalRule" classname="MascotDesktop.Tests.EditMode.CoreOrchestratorLlmIntegrationTests" runstate="Runnable" seed="87938214" result="Passed" start-time="2026-02-21 07:19:08Z" end-time="2026-02-21 07:19:08Z" duration="0.001960" asserts="0">
                <properties>
                  <property name="retryIteration" value="0" />
                  <property name="repeatIteration" value="0" />
                </properties>
                <output><![CDATA[{"timestamp":"2026-02-21T07:19:08.6222384+00:00","level":"WARN","component":"core","event_name":"core.chat.bridge_fallback","request_id":"req-llm-fallback-002","error_code":"IPC.HTTP.REQUEST_FAILED","message":"bridge chat failed (retryable=True); fallback to local rule","path":"core","source_tier":"","exception_type":"","exception_message":""}
{"timestamp":"2026-02-21T07:19:08.6227739+00:00","level":"INFO","component":"core","event_name":"core.avatar.state_applied","request_id":"req-llm-fallback-002","error_code":"","message":"avatar state updated","path":"happy","source_tier":"core","exception_type":"","exception_message":""}
]]></output>
              </test-case>
              <test-case id="1013" name="SendChatWithBridgeResult_BridgeSuccess_AppliesStateDerivedFromText" fullname="MascotDesktop.Tests.EditMode.CoreOrchestratorLlmIntegrationTests.SendChatWithBridgeResult_BridgeSuccess_AppliesStateDerivedFromText" methodname="SendChatWithBridgeResult_BridgeSuccess_AppliesStateDerivedFromText" classname="MascotDesktop.Tests.EditMode.CoreOrchestratorLlmIntegrationTests" runstate="Runnable" seed="817652248" result="Passed" start-time="2026-02-21 07:19:08Z" end-time="2026-02-21 07:19:08Z" duration="0.001324" asserts="0">
                <properties>
                  <property name="retryIteration" value="0" />
                  <property name="repeatIteration" value="0" />
                </properties>
                <output><![CDATA[{"timestamp":"2026-02-21T07:19:08.6234696+00:00","level":"INFO","component":"core","event_name":"core.chat.bridge_success","request_id":"req-llm-success-001","error_code":"","message":"bridge chat succeeded; text_length=10","path":"/v1/chat/send","source_tier":"core","exception_type":"","exception_message":""}
{"timestamp":"2026-02-21T07:19:08.6245056+00:00","level":"INFO","component":"core","event_name":"core.avatar.state_applied","request_id":"req-llm-success-001","error_code":"","message":"avatar state updated","path":"happy","source_tier":"core","exception_type":"","exception_message":""}
]]></output>
              </test-case>
              <test-case id="1016" name="SendChatWithBridgeResult_BridgeSuccess_AvatarStateChanged_RidMatchesRequestId" fullname="MascotDesktop.Tests.EditMode.CoreOrchestratorLlmIntegrationTests.SendChatWithBridgeResult_BridgeSuccess_AvatarStateChanged_RidMatchesRequestId" methodname="SendChatWithBridgeResult_BridgeSuccess_AvatarStateChanged_RidMatchesRequestId" classname="MascotDesktop.Tests.EditMode.CoreOrchestratorLlmIntegrationTests" runstate="Runnable" seed="811246645" result="Passed" start-time="2026-02-21 07:19:08Z" end-time="2026-02-21 07:19:08Z" duration="0.001610" asserts="0">
                <properties>
                  <property name="retryIteration" value="0" />
                  <property name="repeatIteration" value="0" />
                </properties>
                <output><![CDATA[{"timestamp":"2026-02-21T07:19:08.6255192+00:00","level":"INFO","component":"core","event_name":"core.chat.bridge_success","request_id":"req-llm-rid-success-004","error_code":"","message":"bridge chat succeeded; text_length=10","path":"/v1/chat/send","source_tier":"core","exception_type":"","exception_message":""}
{"timestamp":"2026-02-21T07:19:08.6260730+00:00","level":"INFO","component":"core","event_name":"core.avatar.state_applied","request_id":"req-llm-rid-success-004","error_code":"","message":"avatar state updated","path":"happy","source_tier":"core","exception_type":"","exception_message":""}
]]></output>
              </test-case>
              <test-case id="1015" name="SendChatWithBridgeResult_RecordsRequestIdErrorCodeRetryable_ViaRuntimeLog" fullname="MascotDesktop.Tests.EditMode.CoreOrchestratorLlmIntegrationTests.SendChatWithBridgeResult_RecordsRequestIdErrorCodeRetryable_ViaRuntimeLog" methodname="SendChatWithBridgeResult_RecordsRequestIdErrorCodeRetryable_ViaRuntimeLog" classname="MascotDesktop.Tests.EditMode.CoreOrchestratorLlmIntegrationTests" runstate="Runnable" seed="847820733" result="Passed" start-time="2026-02-21 07:19:08Z" end-time="2026-02-21 07:19:08Z" duration="0.030118" asserts="0">
                <properties>
                  <property name="retryIteration" value="0" />
                  <property name="repeatIteration" value="0" />
                </properties>
                <output><![CDATA[{"timestamp":"2026-02-21T07:19:08.6276142+00:00","level":"WARN","component":"core","event_name":"core.chat.bridge_fallback","request_id":"req-llm-log-003","error_code":"CORE.TIMEOUT","message":"bridge chat failed (retryable=True); fallback to local rule","path":"core","source_tier":"","exception_type":"","exception_message":""}
{"timestamp":"2026-02-21T07:19:08.6276142+00:00","level":"INFO","component":"core","event_name":"core.avatar.state_applied","request_id":"req-llm-log-003","error_code":"","message":"avatar state updated","path":"idle","source_tier":"core","exception_type":"","exception_message":""}
Saving results to: D:\dev\MascotDesktop\Unity_PJ\artifacts\test-results\editmode-20260221_161858.xml
]]></output>
              </test-case>
            </test-suite>
          </test-suite>
        </test-suite>
      </test-suite>
    </test-suite>
  </test-suite>
</test-run>