<?xml version="1.0" encoding="utf-8"?>
<test-run id="2" testcasecount="30" result="Passed" total="30" passed="30" failed="0" inconclusive="0" skipped="0" asserts="0" engine-version="3.5.0.0" clr-version="4.0.30319.42000" start-time="2026-02-09 05:15:35Z" end-time="2026-02-09 05:15:35Z" duration="0.138662">
  <test-suite type="TestSuite" id="1000" name="project" fullname="project" runstate="Runnable" testcasecount="30" result="Passed" start-time="2026-02-09 05:15:35Z" end-time="2026-02-09 05:15:35Z" duration="0.138662" total="30" passed="30" failed="0" inconclusive="0" skipped="0" asserts="0">
    <properties>
      <property name="platform" value="EditMode" />
    </properties>
    <test-suite type="Assembly" id="1037" name="MascotDesktop.Tests.EditMode.dll" fullname="D:/dev/MascotDesktop/Unity_PJ/project/Library/ScriptAssemblies/MascotDesktop.Tests.EditMode.dll" runstate="Runnable" testcasecount="30" result="Passed" start-time="2026-02-09 05:15:35Z" end-time="2026-02-09 05:15:35Z" duration="0.127544" total="30" passed="30" failed="0" inconclusive="0" skipped="0" asserts="0">
      <properties>
        <property name="_PID" value="3764" />
        <property name="_APPDOMAIN" value="Unity Child Domain" />
        <property name="platform" value="EditMode" />
        <property name="EditorOnly" value="True" />
      </properties>
      <test-suite type="TestSuite" id="1038" name="MascotDesktop" fullname="MascotDesktop" runstate="Runnable" testcasecount="30" result="Passed" start-time="2026-02-09 05:15:35Z" end-time="2026-02-09 05:15:35Z" duration="0.126841" total="30" passed="30" failed="0" inconclusive="0" skipped="0" asserts="0">
        <properties />
        <test-suite type="TestSuite" id="1039" name="Tests" fullname="MascotDesktop.Tests" runstate="Runnable" testcasecount="30" result="Passed" start-time="2026-02-09 05:15:35Z" end-time="2026-02-09 05:15:35Z" duration="0.126328" total="30" passed="30" failed="0" inconclusive="0" skipped="0" asserts="0">
          <properties />
          <test-suite type="TestSuite" id="1040" name="EditMode" fullname="MascotDesktop.Tests.EditMode" runstate="Runnable" testcasecount="30" result="Passed" start-time="2026-02-09 05:15:35Z" end-time="2026-02-09 05:15:35Z" duration="0.125736" total="30" passed="30" failed="0" inconclusive="0" skipped="0" asserts="0">
            <properties />
            <test-suite type="TestFixture" id="1001" name="AssetPathResolverTests" fullname="MascotDesktop.Tests.EditMode.AssetPathResolverTests" classname="MascotDesktop.Tests.EditMode.AssetPathResolverTests" runstate="Runnable" testcasecount="6" result="Passed" start-time="2026-02-09 05:15:35Z" end-time="2026-02-09 05:15:35Z" duration="0.076815" total="6" passed="6" failed="0" inconclusive="0" skipped="0" asserts="0">
              <properties />
              <test-case id="1007" name="ResolveRelative_AddsWarningCode_ForNonAsciiSegment" fullname="MascotDesktop.Tests.EditMode.AssetPathResolverTests.ResolveRelative_AddsWarningCode_ForNonAsciiSegment" methodname="ResolveRelative_AddsWarningCode_ForNonAsciiSegment" classname="MascotDesktop.Tests.EditMode.AssetPathResolverTests" runstate="Runnable" seed="16258958" result="Passed" start-time="2026-02-09 05:15:35Z" end-time="2026-02-09 05:15:35Z" duration="0.033580" asserts="0">
                <properties>
                  <property name="retryIteration" value="0" />
                  <property name="repeatIteration" value="0" />
                </properties>
                <output><![CDATA[{"timestamp":"2026-02-09T05:15:35.6819670+00:00","level":"WARN","component":"assets","event_name":"assets.path.non_ascii","request_id":"req-test-006","error_code":"ASSET.PATH.NON_ASCII_WARN","message":"non-ascii path segment detected","path":"characters/ナース/state.png","source_tier":"","exception_type":"","exception_message":""}
{"timestamp":"2026-02-09T05:15:35.6845133+00:00","level":"INFO","component":"assets","event_name":"assets.path.resolved","request_id":"req-test-006","error_code":"","message":"resolved from canonical assets root","path":"C:\\Users\\sugar\\AppData\\Local\\Temp\\MascotDesktop_AssetPathResolverTests_a7fb2d077afa4f81bf598eb9f81f7b99\\canonical\\characters\\ナース\\state.png","source_tier":"assets_user","exception_type":"","exception_message":""}
]]></output>
              </test-case>
              <test-case id="1003" name="ResolveRelative_FallsBackToStreamingAssets" fullname="MascotDesktop.Tests.EditMode.AssetPathResolverTests.ResolveRelative_FallsBackToStreamingAssets" methodname="ResolveRelative_FallsBackToStreamingAssets" classname="MascotDesktop.Tests.EditMode.AssetPathResolverTests" runstate="Runnable" seed="726430879" result="Passed" start-time="2026-02-09 05:15:35Z" end-time="2026-02-09 05:15:35Z" duration="0.005718" asserts="0">
                <properties>
                  <property name="retryIteration" value="0" />
                  <property name="repeatIteration" value="0" />
                </properties>
                <output><![CDATA[{"timestamp":"2026-02-09T05:15:35.7093920+00:00","level":"INFO","component":"assets","event_name":"assets.path.resolved","request_id":"req-test-002","error_code":"","message":"resolved from streaming assets root","path":"C:\\Users\\sugar\\AppData\\Local\\Temp\\MascotDesktop_AssetPathResolverTests_c9d6b303d7464c55b220900091706bb5\\streaming\\characters\\fallback\\stream.png","source_tier":"streaming_assets","exception_type":"","exception_message":""}
]]></output>
              </test-case>
              <test-case id="1004" name="ResolveRelative_RejectsAbsolutePath" fullname="MascotDesktop.Tests.EditMode.AssetPathResolverTests.ResolveRelative_RejectsAbsolutePath" methodname="ResolveRelative_RejectsAbsolutePath" classname="MascotDesktop.Tests.EditMode.AssetPathResolverTests" runstate="Runnable" seed="460146258" result="Passed" start-time="2026-02-09 05:15:35Z" end-time="2026-02-09 05:15:35Z" duration="0.006260" asserts="0">
                <properties>
                  <property name="retryIteration" value="0" />
                  <property name="repeatIteration" value="0" />
                </properties>
                <output><![CDATA[{"timestamp":"2026-02-09T05:15:35.7150692+00:00","level":"ERROR","component":"assets","event_name":"assets.path.resolve_failed","request_id":"req-test-003","error_code":"ASSET.PATH.ABSOLUTE_FORBIDDEN","message":"absolute path is forbidden","path":"C:\\Users\\sugar\\AppData\\Local\\Temp\\MascotDesktop_AssetPathResolverTests_5a34065cde004e87834933becd98086d\\canonical\\characters/demo/state.png","source_tier":"","exception_type":"","exception_message":""}
]]></output>
              </test-case>
              <test-case id="1006" name="ResolveRelative_RejectsLegacyLikePath_WhenForbidden" fullname="MascotDesktop.Tests.EditMode.AssetPathResolverTests.ResolveRelative_RejectsLegacyLikePath_WhenForbidden" methodname="ResolveRelative_RejectsLegacyLikePath_WhenForbidden" classname="MascotDesktop.Tests.EditMode.AssetPathResolverTests" runstate="Runnable" seed="316826207" result="Passed" start-time="2026-02-09 05:15:35Z" end-time="2026-02-09 05:15:35Z" duration="0.005453" asserts="0">
                <properties>
                  <property name="retryIteration" value="0" />
                  <property name="repeatIteration" value="0" />
                </properties>
                <output><![CDATA[{"timestamp":"2026-02-09T05:15:35.7212527+00:00","level":"ERROR","component":"assets","event_name":"assets.path.resolve_failed","request_id":"req-test-005","error_code":"ASSET.PATH.LEGACY_FORBIDDEN","message":"legacy path is forbidden in this mode","path":"workspace/data/assets_user/characters/a.png","source_tier":"","exception_type":"","exception_message":""}
]]></output>
              </test-case>
              <test-case id="1005" name="ResolveRelative_RejectsTraversal" fullname="MascotDesktop.Tests.EditMode.AssetPathResolverTests.ResolveRelative_RejectsTraversal" methodname="ResolveRelative_RejectsTraversal" classname="MascotDesktop.Tests.EditMode.AssetPathResolverTests" runstate="Runnable" seed="1863025439" result="Passed" start-time="2026-02-09 05:15:35Z" end-time="2026-02-09 05:15:35Z" duration="0.005254" asserts="0">
                <properties>
                  <property name="retryIteration" value="0" />
                  <property name="repeatIteration" value="0" />
                </properties>
                <output><![CDATA[{"timestamp":"2026-02-09T05:15:35.7268791+00:00","level":"ERROR","component":"assets","event_name":"assets.path.resolve_failed","request_id":"req-test-004","error_code":"ASSET.PATH.TRAVERSAL_FORBIDDEN","message":"path traversal is forbidden","path":"../secrets/token.txt","source_tier":"","exception_type":"","exception_message":""}
]]></output>
              </test-case>
              <test-case id="1002" name="ResolveRelative_ResolvesFromCanonical" fullname="MascotDesktop.Tests.EditMode.AssetPathResolverTests.ResolveRelative_ResolvesFromCanonical" methodname="ResolveRelative_ResolvesFromCanonical" classname="MascotDesktop.Tests.EditMode.AssetPathResolverTests" runstate="Runnable" seed="1740275787" result="Passed" start-time="2026-02-09 05:15:35Z" end-time="2026-02-09 05:15:35Z" duration="0.006073" asserts="0">
                <properties>
                  <property name="retryIteration" value="0" />
                  <property name="repeatIteration" value="0" />
                </properties>
                <output><![CDATA[{"timestamp":"2026-02-09T05:15:35.7324086+00:00","level":"INFO","component":"assets","event_name":"assets.path.resolved","request_id":"req-test-001","error_code":"","message":"resolved from canonical assets root","path":"C:\\Users\\sugar\\AppData\\Local\\Temp\\MascotDesktop_AssetPathResolverTests_99428542d0484a6092b741b50b35d872\\canonical\\characters\\demo\\state.png","source_tier":"assets_user","exception_type":"","exception_message":""}
]]></output>
              </test-case>
            </test-suite>
            <test-suite type="TestFixture" id="1008" name="AvatarStateControllerTests" fullname="MascotDesktop.Tests.EditMode.AvatarStateControllerTests" classname="MascotDesktop.Tests.EditMode.AvatarStateControllerTests" runstate="Runnable" testcasecount="3" result="Passed" start-time="2026-02-09 05:15:35Z" end-time="2026-02-09 05:15:35Z" duration="0.012011" total="3" passed="3" failed="0" inconclusive="0" skipped="0" asserts="0">
              <properties />
              <test-case id="1010" name="ApplyState_UsesIdle_WhenUnknownState" fullname="MascotDesktop.Tests.EditMode.AvatarStateControllerTests.ApplyState_UsesIdle_WhenUnknownState" methodname="ApplyState_UsesIdle_WhenUnknownState" classname="MascotDesktop.Tests.EditMode.AvatarStateControllerTests" runstate="Runnable" seed="1198548783" result="Passed" start-time="2026-02-09 05:15:35Z" end-time="2026-02-09 05:15:35Z" duration="0.005860" asserts="0">
                <properties>
                  <property name="retryIteration" value="0" />
                  <property name="repeatIteration" value="0" />
                </properties>
                <output><![CDATA[{"timestamp":"2026-02-09T05:15:35.7416105+00:00","level":"INFO","component":"avatar","event_name":"avatar.state.transitioned","request_id":"req-state-002","error_code":"","message":"avatar state changed to mystery_state","path":"idle","source_tier":"state_machine","exception_type":"","exception_message":""}
{"timestamp":"2026-02-09T05:15:35.7426091+00:00","level":"INFO","component":"avatar","event_name":"avatar.motion.slot_played","request_id":"req-state-002","error_code":"","message":"motion slot played","path":"idle","source_tier":"state_machine","exception_type":"","exception_message":""}
]]></output>
              </test-case>
              <test-case id="1009" name="ApplyState_UsesMappedSlot_ForHappy" fullname="MascotDesktop.Tests.EditMode.AvatarStateControllerTests.ApplyState_UsesMappedSlot_ForHappy" methodname="ApplyState_UsesMappedSlot_ForHappy" classname="MascotDesktop.Tests.EditMode.AvatarStateControllerTests" runstate="Runnable" seed="709144591" result="Passed" start-time="2026-02-09 05:15:35Z" end-time="2026-02-09 05:15:35Z" duration="0.001988" asserts="0">
                <properties>
                  <property name="retryIteration" value="0" />
                  <property name="repeatIteration" value="0" />
                </properties>
                <output><![CDATA[{"timestamp":"2026-02-09T05:15:35.7442085+00:00","level":"INFO","component":"avatar","event_name":"avatar.state.transitioned","request_id":"req-state-001","error_code":"","message":"avatar state changed to happy","path":"happy","source_tier":"state_machine","exception_type":"","exception_message":""}
{"timestamp":"2026-02-09T05:15:35.7452426+00:00","level":"INFO","component":"avatar","event_name":"avatar.motion.slot_played","request_id":"req-state-001","error_code":"","message":"motion slot played","path":"happy","source_tier":"state_machine","exception_type":"","exception_message":""}
]]></output>
              </test-case>
              <test-case id="1011" name="CoreEvent_UpdatesStateController" fullname="MascotDesktop.Tests.EditMode.AvatarStateControllerTests.CoreEvent_UpdatesStateController" methodname="CoreEvent_UpdatesStateController" classname="MascotDesktop.Tests.EditMode.AvatarStateControllerTests" runstate="Runnable" seed="254238652" result="Passed" start-time="2026-02-09 05:15:35Z" end-time="2026-02-09 05:15:35Z" duration="0.002979" asserts="0">
                <properties>
                  <property name="retryIteration" value="0" />
                  <property name="repeatIteration" value="0" />
                </properties>
                <output><![CDATA[{"timestamp":"2026-02-09T05:15:35.7468036+00:00","level":"INFO","component":"core","event_name":"core.avatar.state_applied","request_id":"req-state-003","error_code":"","message":"avatar state updated","path":"sleepy","source_tier":"core","exception_type":"","exception_message":""}
{"timestamp":"2026-02-09T05:15:35.7468036+00:00","level":"INFO","component":"avatar","event_name":"avatar.state.transitioned","request_id":"req-state-003","error_code":"","message":"avatar state changed to sleepy","path":"sleepy","source_tier":"state_machine","exception_type":"","exception_message":""}
{"timestamp":"2026-02-09T05:15:35.7478349+00:00","level":"INFO","component":"avatar","event_name":"avatar.motion.slot_played","request_id":"req-state-003","error_code":"","message":"motion slot played","path":"sleepy","source_tier":"state_machine","exception_type":"","exception_message":""}
]]></output>
              </test-case>
            </test-suite>
            <test-suite type="TestFixture" id="1012" name="CoreOrchestratorTests" fullname="MascotDesktop.Tests.EditMode.CoreOrchestratorTests" classname="MascotDesktop.Tests.EditMode.CoreOrchestratorTests" runstate="Runnable" testcasecount="3" result="Passed" start-time="2026-02-09 05:15:35Z" end-time="2026-02-09 05:15:35Z" duration="0.008964" total="3" passed="3" failed="0" inconclusive="0" skipped="0" asserts="0">
              <properties />
              <test-case id="1013" name="ApplyAvatarState_NormalizesToIdle_WhenEmpty" fullname="MascotDesktop.Tests.EditMode.CoreOrchestratorTests.ApplyAvatarState_NormalizesToIdle_WhenEmpty" methodname="ApplyAvatarState_NormalizesToIdle_WhenEmpty" classname="MascotDesktop.Tests.EditMode.CoreOrchestratorTests" runstate="Runnable" seed="885592647" result="Passed" start-time="2026-02-09 05:15:35Z" end-time="2026-02-09 05:15:35Z" duration="0.001856" asserts="0">
                <properties>
                  <property name="retryIteration" value="0" />
                  <property name="repeatIteration" value="0" />
                </properties>
                <output><![CDATA[{"timestamp":"2026-02-09T05:15:35.7507727+00:00","level":"INFO","component":"core","event_name":"core.avatar.state_applied","request_id":"req-core-001","error_code":"","message":"avatar state updated","path":"idle","source_tier":"core","exception_type":"","exception_message":""}
]]></output>
              </test-case>
              <test-case id="1015" name="ScheduleReminder_TriggersWhenDue" fullname="MascotDesktop.Tests.EditMode.CoreOrchestratorTests.ScheduleReminder_TriggersWhenDue" methodname="ScheduleReminder_TriggersWhenDue" classname="MascotDesktop.Tests.EditMode.CoreOrchestratorTests" runstate="Runnable" seed="857455568" result="Passed" start-time="2026-02-09 05:15:35Z" end-time="2026-02-09 05:15:35Z" duration="0.003653" asserts="0">
                <properties>
                  <property name="retryIteration" value="0" />
                  <property name="repeatIteration" value="0" />
                </properties>
                <output><![CDATA[{"timestamp":"2026-02-09T05:15:35.7534578+00:00","level":"INFO","component":"core","event_name":"core.reminder.scheduled","request_id":"req-core-003","error_code":"","message":"reminder scheduled for 2026-02-09T05:15:35.7519438+00:00","path":"","source_tier":"core","exception_type":"","exception_message":""}
{"timestamp":"2026-02-09T05:15:35.7544948+00:00","level":"INFO","component":"core","event_name":"core.reminder.triggered","request_id":"req-core-003","error_code":"","message":"ping","path":"","source_tier":"core","exception_type":"","exception_message":""}
]]></output>
              </test-case>
              <test-case id="1014" name="SendChat_RaisesStateChanged_ForHappyMessage" fullname="MascotDesktop.Tests.EditMode.CoreOrchestratorTests.SendChat_RaisesStateChanged_ForHappyMessage" methodname="SendChat_RaisesStateChanged_ForHappyMessage" classname="MascotDesktop.Tests.EditMode.CoreOrchestratorTests" runstate="Runnable" seed="2025017129" result="Passed" start-time="2026-02-09 05:15:35Z" end-time="2026-02-09 05:15:35Z" duration="0.002228" asserts="0">
                <properties>
                  <property name="retryIteration" value="0" />
                  <property name="repeatIteration" value="0" />
                </properties>
                <output><![CDATA[{"timestamp":"2026-02-09T05:15:35.7560337+00:00","level":"INFO","component":"core","event_name":"core.chat.received","request_id":"req-core-002","error_code":"","message":"I am happy today","path":"","source_tier":"core","exception_type":"","exception_message":""}
{"timestamp":"2026-02-09T05:15:35.7575702+00:00","level":"INFO","component":"core","event_name":"core.avatar.state_applied","request_id":"req-core-002","error_code":"","message":"avatar state updated","path":"happy","source_tier":"core","exception_type":"","exception_message":""}
]]></output>
              </test-case>
            </test-suite>
            <test-suite type="TestFixture" id="1016" name="ModelFormatRouterTests" fullname="MascotDesktop.Tests.EditMode.ModelFormatRouterTests" classname="MascotDesktop.Tests.EditMode.ModelFormatRouterTests" runstate="Runnable" testcasecount="6" result="Passed" start-time="2026-02-09 05:15:35Z" end-time="2026-02-09 05:15:35Z" duration="0.003210" total="6" passed="6" failed="0" inconclusive="0" skipped="0" asserts="0">
              <properties />
              <test-case id="1017" name="Classify_ReturnsImage_ForPng" fullname="MascotDesktop.Tests.EditMode.ModelFormatRouterTests.Classify_ReturnsImage_ForPng" methodname="Classify_ReturnsImage_ForPng" classname="MascotDesktop.Tests.EditMode.ModelFormatRouterTests" runstate="Runnable" seed="1776789022" result="Passed" start-time="2026-02-09 05:15:35Z" end-time="2026-02-09 05:15:35Z" duration="0.001235" asserts="0">
                <properties>
                  <property name="retryIteration" value="0" />
                  <property name="repeatIteration" value="0" />
                </properties>
              </test-case>
              <test-case id="1019" name="Classify_ReturnsPmx_ForPmx" fullname="MascotDesktop.Tests.EditMode.ModelFormatRouterTests.Classify_ReturnsPmx_ForPmx" methodname="Classify_ReturnsPmx_ForPmx" classname="MascotDesktop.Tests.EditMode.ModelFormatRouterTests" runstate="Runnable" seed="1553724648" result="Passed" start-time="2026-02-09 05:15:35Z" end-time="2026-02-09 05:15:35Z" duration="0.000129" asserts="0">
                <properties>
                  <property name="retryIteration" value="0" />
                  <property name="repeatIteration" value="0" />
                </properties>
              </test-case>
              <test-case id="1020" name="Classify_ReturnsUnsupported_ForUnknown" fullname="MascotDesktop.Tests.EditMode.ModelFormatRouterTests.Classify_ReturnsUnsupported_ForUnknown" methodname="Classify_ReturnsUnsupported_ForUnknown" classname="MascotDesktop.Tests.EditMode.ModelFormatRouterTests" runstate="Runnable" seed="1336664993" result="Passed" start-time="2026-02-09 05:15:35Z" end-time="2026-02-09 05:15:35Z" duration="0.000115" asserts="0">
                <properties>
                  <property name="retryIteration" value="0" />
                  <property name="repeatIteration" value="0" />
                </properties>
              </test-case>
              <test-case id="1018" name="Classify_ReturnsVrm_ForVrm" fullname="MascotDesktop.Tests.EditMode.ModelFormatRouterTests.Classify_ReturnsVrm_ForVrm" methodname="Classify_ReturnsVrm_ForVrm" classname="MascotDesktop.Tests.EditMode.ModelFormatRouterTests" runstate="Runnable" seed="1703686593" result="Passed" start-time="2026-02-09 05:15:35Z" end-time="2026-02-09 05:15:35Z" duration="0.000124" asserts="0">
                <properties>
                  <property name="retryIteration" value="0" />
                  <property name="repeatIteration" value="0" />
                </properties>
              </test-case>
              <test-case id="1021" name="UnsupportedExtensionErrorCode_ReturnsMissing_ForNoExtension" fullname="MascotDesktop.Tests.EditMode.ModelFormatRouterTests.UnsupportedExtensionErrorCode_ReturnsMissing_ForNoExtension" methodname="UnsupportedExtensionErrorCode_ReturnsMissing_ForNoExtension" classname="MascotDesktop.Tests.EditMode.ModelFormatRouterTests" runstate="Runnable" seed="1631386122" result="Passed" start-time="2026-02-09 05:15:35Z" end-time="2026-02-09 05:15:35Z" duration="0.000169" asserts="0">
                <properties>
                  <property name="retryIteration" value="0" />
                  <property name="repeatIteration" value="0" />
                </properties>
              </test-case>
              <test-case id="1022" name="UnsupportedExtensionErrorCode_ReturnsUnsupported_ForUnknownExtension" fullname="MascotDesktop.Tests.EditMode.ModelFormatRouterTests.UnsupportedExtensionErrorCode_ReturnsUnsupported_ForUnknownExtension" methodname="UnsupportedExtensionErrorCode_ReturnsUnsupported_ForUnknownExtension" classname="MascotDesktop.Tests.EditMode.ModelFormatRouterTests" runstate="Runnable" seed="2099340173" result="Passed" start-time="2026-02-09 05:15:35Z" end-time="2026-02-09 05:15:35Z" duration="0.000106" asserts="0">
                <properties>
                  <property name="retryIteration" value="0" />
                  <property name="repeatIteration" value="0" />
                </properties>
              </test-case>
            </test-suite>
            <test-suite type="TestFixture" id="1023" name="MotionSlotPlayerTests" fullname="MascotDesktop.Tests.EditMode.MotionSlotPlayerTests" classname="MascotDesktop.Tests.EditMode.MotionSlotPlayerTests" runstate="Runnable" testcasecount="3" result="Passed" start-time="2026-02-09 05:15:35Z" end-time="2026-02-09 05:15:35Z" duration="0.006636" total="3" passed="3" failed="0" inconclusive="0" skipped="0" asserts="0">
              <properties />
              <test-case id="1026" name="PlaySlot_ReturnsFailure_WhenSlotEmpty" fullname="MascotDesktop.Tests.EditMode.MotionSlotPlayerTests.PlaySlot_ReturnsFailure_WhenSlotEmpty" methodname="PlaySlot_ReturnsFailure_WhenSlotEmpty" classname="MascotDesktop.Tests.EditMode.MotionSlotPlayerTests" runstate="Runnable" seed="566144803" result="Passed" start-time="2026-02-09 05:15:35Z" end-time="2026-02-09 05:15:35Z" duration="0.001611" asserts="0">
                <properties>
                  <property name="retryIteration" value="0" />
                  <property name="repeatIteration" value="0" />
                </properties>
                <output><![CDATA[{"timestamp":"2026-02-09T05:15:35.7638311+00:00","level":"ERROR","component":"avatar","event_name":"avatar.motion.slot_play_failed","request_id":"req-motion-003","error_code":"AVATAR.MOTION.SLOT_EMPTY","message":"requested slot is empty","path":"","source_tier":"state_machine","exception_type":"","exception_message":""}
]]></output>
              </test-case>
              <test-case id="1025" name="PlaySlot_UsesFallback_WhenUnknownSlot" fullname="MascotDesktop.Tests.EditMode.MotionSlotPlayerTests.PlaySlot_UsesFallback_WhenUnknownSlot" methodname="PlaySlot_UsesFallback_WhenUnknownSlot" classname="MascotDesktop.Tests.EditMode.MotionSlotPlayerTests" runstate="Runnable" seed="659904280" result="Passed" start-time="2026-02-09 05:15:35Z" end-time="2026-02-09 05:15:35Z" duration="0.001506" asserts="0">
                <properties>
                  <property name="retryIteration" value="0" />
                  <property name="repeatIteration" value="0" />
                </properties>
                <output><![CDATA[{"timestamp":"2026-02-09T05:15:35.7653696+00:00","level":"WARN","component":"avatar","event_name":"avatar.motion.slot_fallback_used","request_id":"req-motion-002","error_code":"AVATAR.MOTION.SLOT_FALLBACK","message":"fallback slot used: idle","path":"unknown_slot","source_tier":"state_machine","exception_type":"","exception_message":""}
]]></output>
              </test-case>
              <test-case id="1024" name="PlaySlot_UsesRequestedSlot_WhenExists" fullname="MascotDesktop.Tests.EditMode.MotionSlotPlayerTests.PlaySlot_UsesRequestedSlot_WhenExists" methodname="PlaySlot_UsesRequestedSlot_WhenExists" classname="MascotDesktop.Tests.EditMode.MotionSlotPlayerTests" runstate="Runnable" seed="11948074" result="Passed" start-time="2026-02-09 05:15:35Z" end-time="2026-02-09 05:15:35Z" duration="0.001211" asserts="0">
                <properties>
                  <property name="retryIteration" value="0" />
                  <property name="repeatIteration" value="0" />
                </properties>
                <output><![CDATA[{"timestamp":"2026-02-09T05:15:35.7674087+00:00","level":"INFO","component":"avatar","event_name":"avatar.motion.slot_played","request_id":"req-motion-001","error_code":"","message":"motion slot played","path":"idle","source_tier":"state_machine","exception_type":"","exception_message":""}
]]></output>
              </test-case>
            </test-suite>
            <test-suite type="TestFixture" id="1027" name="RuntimeLogTests" fullname="MascotDesktop.Tests.EditMode.RuntimeLogTests" classname="MascotDesktop.Tests.EditMode.RuntimeLogTests" runstate="Runnable" testcasecount="9" result="Passed" start-time="2026-02-09 05:15:35Z" end-time="2026-02-09 05:15:35Z" duration="0.016260" total="9" passed="9" failed="0" inconclusive="0" skipped="0" asserts="0">
              <properties />
              <test-case id="1031" name="Error_AssignsDefaultErrorCode_WhenMissing" fullname="MascotDesktop.Tests.EditMode.RuntimeLogTests.Error_AssignsDefaultErrorCode_WhenMissing" methodname="Error_AssignsDefaultErrorCode_WhenMissing" classname="MascotDesktop.Tests.EditMode.RuntimeLogTests" runstate="Runnable" seed="1871059266" result="Passed" start-time="2026-02-09 05:15:35Z" end-time="2026-02-09 05:15:35Z" duration="0.001057" asserts="0">
                <properties>
                  <property name="retryIteration" value="0" />
                  <property name="repeatIteration" value="0" />
                </properties>
                <output><![CDATA[{"timestamp":"2026-02-09T05:15:35.7706086+00:00","level":"ERROR","component":"tests","event_name":"tests.runtime.error_missing_code","request_id":"req-test-error","error_code":"RUNTIME.ERROR.UNSPECIFIED","message":"","path":"","source_tier":"","exception_type":"","exception_message":""}
]]></output>
              </test-case>
              <test-case id="1034" name="Error_IncludesExceptionInfo" fullname="MascotDesktop.Tests.EditMode.RuntimeLogTests.Error_IncludesExceptionInfo" methodname="Error_IncludesExceptionInfo" classname="MascotDesktop.Tests.EditMode.RuntimeLogTests" runstate="Runnable" seed="1047887964" result="Passed" start-time="2026-02-09 05:15:35Z" end-time="2026-02-09 05:15:35Z" duration="0.001241" asserts="0">
                <properties>
                  <property name="retryIteration" value="0" />
                  <property name="repeatIteration" value="0" />
                </properties>
                <output><![CDATA[{"timestamp":"2026-02-09T05:15:35.7726971+00:00","level":"ERROR","component":"test","event_name":"test.exception","request_id":"req-test-ex","error_code":"TEST.EX.CODE","message":"with exception","path":"","source_tier":"","exception_type":"System.InvalidOperationException","exception_message":"Test exception message"}
]]></output>
              </test-case>
              <test-case id="1032" name="Info_NormalizesOptionalFieldsToEmptyString" fullname="MascotDesktop.Tests.EditMode.RuntimeLogTests.Info_NormalizesOptionalFieldsToEmptyString" methodname="Info_NormalizesOptionalFieldsToEmptyString" classname="MascotDesktop.Tests.EditMode.RuntimeLogTests" runstate="Runnable" seed="1450241356" result="Passed" start-time="2026-02-09 05:15:35Z" end-time="2026-02-09 05:15:35Z" duration="0.000947" asserts="0">
                <properties>
                  <property name="retryIteration" value="0" />
                  <property name="repeatIteration" value="0" />
                </properties>
                <output><![CDATA[{"timestamp":"2026-02-09T05:15:35.7737334+00:00","level":"INFO","component":"tests","event_name":"tests.runtime.info_defaults","request_id":"req-test-info","error_code":"","message":"","path":"","source_tier":"","exception_type":"","exception_message":""}
]]></output>
              </test-case>
              <test-case id="1033" name="Info_OutputsLogWithInfoLevel" fullname="MascotDesktop.Tests.EditMode.RuntimeLogTests.Info_OutputsLogWithInfoLevel" methodname="Info_OutputsLogWithInfoLevel" classname="MascotDesktop.Tests.EditMode.RuntimeLogTests" runstate="Runnable" seed="117184304" result="Passed" start-time="2026-02-09 05:15:35Z" end-time="2026-02-09 05:15:35Z" duration="0.000933" asserts="0">
                <properties>
                  <property name="retryIteration" value="0" />
                  <property name="repeatIteration" value="0" />
                </properties>
                <output><![CDATA[{"timestamp":"2026-02-09T05:15:35.7752687+00:00","level":"INFO","component":"test","event_name":"test.event","request_id":"req-test-info-level","error_code":"","message":"test message","path":"","source_tier":"","exception_type":"","exception_message":""}
]]></output>
              </test-case>
              <test-case id="1029" name="NewRequestId_GeneratesUniqueIds" fullname="MascotDesktop.Tests.EditMode.RuntimeLogTests.NewRequestId_GeneratesUniqueIds" methodname="NewRequestId_GeneratesUniqueIds" classname="MascotDesktop.Tests.EditMode.RuntimeLogTests" runstate="Runnable" seed="327555076" result="Passed" start-time="2026-02-09 05:15:35Z" end-time="2026-02-09 05:15:35Z" duration="0.001630" asserts="0">
                <properties>
                  <property name="retryIteration" value="0" />
                  <property name="repeatIteration" value="0" />
                </properties>
              </test-case>
              <test-case id="1028" name="NewRequestId_HasExpectedFormat" fullname="MascotDesktop.Tests.EditMode.RuntimeLogTests.NewRequestId_HasExpectedFormat" methodname="NewRequestId_HasExpectedFormat" classname="MascotDesktop.Tests.EditMode.RuntimeLogTests" runstate="Runnable" seed="765454918" result="Passed" start-time="2026-02-09 05:15:35Z" end-time="2026-02-09 05:15:35Z" duration="0.000364" asserts="0">
                <properties>
                  <property name="retryIteration" value="0" />
                  <property name="repeatIteration" value="0" />
                </properties>
              </test-case>
              <test-case id="1030" name="Warn_AssignsDefaultErrorCode_WhenMissing" fullname="MascotDesktop.Tests.EditMode.RuntimeLogTests.Warn_AssignsDefaultErrorCode_WhenMissing" methodname="Warn_AssignsDefaultErrorCode_WhenMissing" classname="MascotDesktop.Tests.EditMode.RuntimeLogTests" runstate="Runnable" seed="601891132" result="Passed" start-time="2026-02-09 05:15:35Z" end-time="2026-02-09 05:15:35Z" duration="0.000978" asserts="0">
                <properties>
                  <property name="retryIteration" value="0" />
                  <property name="repeatIteration" value="0" />
                </properties>
                <output><![CDATA[{"timestamp":"2026-02-09T05:15:35.7778556+00:00","level":"WARN","component":"tests","event_name":"tests.runtime.warn_missing_code","request_id":"req-test-warn","error_code":"RUNTIME.WARN.UNSPECIFIED","message":"","path":"","source_tier":"","exception_type":"","exception_message":""}
]]></output>
              </test-case>
              <test-case id="1035" name="Write_FillsDefaultComponent_WhenEmpty" fullname="MascotDesktop.Tests.EditMode.RuntimeLogTests.Write_FillsDefaultComponent_WhenEmpty" methodname="Write_FillsDefaultComponent_WhenEmpty" classname="MascotDesktop.Tests.EditMode.RuntimeLogTests" runstate="Runnable" seed="612554888" result="Passed" start-time="2026-02-09 05:15:35Z" end-time="2026-02-09 05:15:35Z" duration="0.004385" asserts="0">
                <properties>
                  <property name="retryIteration" value="0" />
                  <property name="repeatIteration" value="0" />
                </properties>
                <output><![CDATA[{"timestamp":"2026-02-09T05:15:35.7788529+00:00","level":"INFO","component":"runtime","event_name":"test.event","request_id":"req-test-default-component","error_code":"","message":"message","path":"","source_tier":"","exception_type":"","exception_message":""}
]]></output>
              </test-case>
              <test-case id="1036" name="Write_FillsDefaultEventName_WhenEmpty" fullname="MascotDesktop.Tests.EditMode.RuntimeLogTests.Write_FillsDefaultEventName_WhenEmpty" methodname="Write_FillsDefaultEventName_WhenEmpty" classname="MascotDesktop.Tests.EditMode.RuntimeLogTests" runstate="Runnable" seed="1475802875" result="Passed" start-time="2026-02-09 05:15:35Z" end-time="2026-02-09 05:15:35Z" duration="0.001199" asserts="0">
                <properties>
                  <property name="retryIteration" value="0" />
                  <property name="repeatIteration" value="0" />
                </properties>
                <output><![CDATA[{"timestamp":"2026-02-09T05:15:35.7839274+00:00","level":"INFO","component":"test","event_name":"runtime.event","request_id":"req-test-default-event","error_code":"","message":"message","path":"","source_tier":"","exception_type":"","exception_message":""}
Saving results to: D:\dev\MascotDesktop\Unity_PJ\artifacts\test-results\editmode-20260209_141529.xml
]]></output>
              </test-case>
            </test-suite>
          </test-suite>
        </test-suite>
      </test-suite>
    </test-suite>
  </test-suite>
</test-run>