<?xml version="1.0" encoding="utf-8"?>
<test-run id="2" testcasecount="7" result="Passed" total="7" passed="7" failed="0" inconclusive="0" skipped="0" asserts="0" engine-version="3.5.0.0" clr-version="4.0.30319.42000" start-time="2026-02-20 01:42:01Z" end-time="2026-02-20 01:42:01Z" duration="0.3185815">
  <test-suite type="TestSuite" id="1000" name="project" fullname="project" runstate="Runnable" testcasecount="76" result="Passed" start-time="2026-02-20 01:42:01Z" end-time="2026-02-20 01:42:01Z" duration="0.318582" total="7" passed="7" failed="0" inconclusive="0" skipped="0" asserts="0">
    <properties>
      <property name="platform" value="EditMode" />
    </properties>
    <test-suite type="Assembly" id="1086" name="MascotDesktop.Tests.EditMode.dll" fullname="D:/dev/MascotDesktop/Unity_PJ/project/Library/ScriptAssemblies/MascotDesktop.Tests.EditMode.dll" runstate="Runnable" testcasecount="76" result="Passed" start-time="2026-02-20 01:42:01Z" end-time="2026-02-20 01:42:01Z" duration="0.306071" total="7" passed="7" failed="0" inconclusive="0" skipped="0" asserts="0">
      <properties>
        <property name="_PID" value="38996" />
        <property name="_APPDOMAIN" value="Unity Child Domain" />
        <property name="platform" value="EditMode" />
        <property name="EditorOnly" value="True" />
      </properties>
      <test-suite type="TestSuite" id="1087" name="MascotDesktop" fullname="MascotDesktop" runstate="Runnable" testcasecount="76" result="Passed" start-time="2026-02-20 01:42:01Z" end-time="2026-02-20 01:42:01Z" duration="0.304581" total="7" passed="7" failed="0" inconclusive="0" skipped="0" asserts="0">
        <properties />
        <test-suite type="TestSuite" id="1088" name="Tests" fullname="MascotDesktop.Tests" runstate="Runnable" testcasecount="76" result="Passed" start-time="2026-02-20 01:42:01Z" end-time="2026-02-20 01:42:01Z" duration="0.303465" total="7" passed="7" failed="0" inconclusive="0" skipped="0" asserts="0">
          <properties />
          <test-suite type="TestSuite" id="1089" name="EditMode" fullname="MascotDesktop.Tests.EditMode" runstate="Runnable" testcasecount="76" result="Passed" start-time="2026-02-20 01:42:01Z" end-time="2026-02-20 01:42:01Z" duration="0.301845" total="7" passed="7" failed="0" inconclusive="0" skipped="0" asserts="0">
            <properties />
            <test-suite type="TestFixture" id="1033" name="RuntimeErrorHandlingAndLoggingTests" fullname="MascotDesktop.Tests.EditMode.RuntimeErrorHandlingAndLoggingTests" classname="MascotDesktop.Tests.EditMode.RuntimeErrorHandlingAndLoggingTests" runstate="Runnable" testcasecount="7" result="Passed" start-time="2026-02-20 01:42:01Z" end-time="2026-02-20 01:42:01Z" duration="0.299301" total="7" passed="7" failed="0" inconclusive="0" skipped="0" asserts="0">
              <properties />
              <test-case id="1035" name="LoaderFailureClassification_ImageDecodeFail_ReturnsExpectedDetail" fullname="MascotDesktop.Tests.EditMode.RuntimeErrorHandlingAndLoggingTests.LoaderFailureClassification_ImageDecodeFail_ReturnsExpectedDetail" methodname="LoaderFailureClassification_ImageDecodeFail_ReturnsExpectedDetail" classname="MascotDesktop.Tests.EditMode.RuntimeErrorHandlingAndLoggingTests" runstate="Runnable" seed="369851639" result="Passed" start-time="2026-02-20 01:42:01Z" end-time="2026-02-20 01:42:01Z" duration="0.034002" asserts="0">
                <properties>
                  <property name="retryIteration" value="0" />
                  <property name="repeatIteration" value="0" />
                </properties>
                <output><![CDATA[{"timestamp":"2026-02-20T01:42:01.0786943+00:00","level":"INFO","component":"avatar.loader","event_name":"avatar.loader.stage.begin","request_id":"req-test-decode-fail","error_code":"","message":"stage=classify;cause=image_path_validation","path":"C:\\Users\\sugar\\AppData\\Local\\Temp\\runtime-loader-49ef3967617d4cdc850e1b6df12d740b.png","source_tier":"unit_test","exception_type":"","exception_message":""}
{"timestamp":"2026-02-20T01:42:01.0819374+00:00","level":"INFO","component":"avatar.loader","event_name":"avatar.loader.stage.end","request_id":"req-test-decode-fail","error_code":"","message":"stage=classify;cause=image_path_validation","path":"C:\\Users\\sugar\\AppData\\Local\\Temp\\runtime-loader-49ef3967617d4cdc850e1b6df12d740b.png","source_tier":"unit_test","exception_type":"","exception_message":""}
{"timestamp":"2026-02-20T01:42:01.0824420+00:00","level":"INFO","component":"avatar.loader","event_name":"avatar.loader.stage.begin","request_id":"req-test-decode-fail","error_code":"","message":"stage=reflection_invoke;cause=unity.texture_loader","path":"C:\\Users\\sugar\\AppData\\Local\\Temp\\runtime-loader-49ef3967617d4cdc850e1b6df12d740b.png","source_tier":"unit_test","exception_type":"","exception_message":""}
{"timestamp":"2026-02-20T01:42:01.0839518+00:00","level":"INFO","component":"avatar.loader","event_name":"avatar.loader.stage.end","request_id":"req-test-decode-fail","error_code":"","message":"stage=reflection_invoke;cause=unity.texture_loader","path":"C:\\Users\\sugar\\AppData\\Local\\Temp\\runtime-loader-49ef3967617d4cdc850e1b6df12d740b.png","source_tier":"unit_test","exception_type":"","exception_message":""}
{"timestamp":"2026-02-20T01:42:01.0839518+00:00","level":"INFO","component":"avatar.loader","event_name":"avatar.loader.stage.begin","request_id":"req-test-decode-fail","error_code":"","message":"stage=post-normalize;cause=image_decode_result","path":"C:\\Users\\sugar\\AppData\\Local\\Temp\\runtime-loader-49ef3967617d4cdc850e1b6df12d740b.png","source_tier":"unit_test","exception_type":"","exception_message":""}
{"timestamp":"2026-02-20T01:42:01.0849590+00:00","level":"ERROR","component":"avatar.loader","event_name":"avatar.loader.stage.fail","request_id":"req-test-decode-fail","error_code":"ASSET.READ.DECODE_FAILED","message":"stage=post-normalize;cause=decode_returned_null;message=failed to decode image: ext=.png","path":"C:\\Users\\sugar\\AppData\\Local\\Temp\\runtime-loader-49ef3967617d4cdc850e1b6df12d740b.png","source_tier":"unit_test","exception_type":"","exception_message":""}
]]></output>
              </test-case>
              <test-case id="1034" name="LoaderFailureClassification_ImageFileNotFound_ReturnsExpectedDetail" fullname="MascotDesktop.Tests.EditMode.RuntimeErrorHandlingAndLoggingTests.LoaderFailureClassification_ImageFileNotFound_ReturnsExpectedDetail" methodname="LoaderFailureClassification_ImageFileNotFound_ReturnsExpectedDetail" classname="MascotDesktop.Tests.EditMode.RuntimeErrorHandlingAndLoggingTests" runstate="Runnable" seed="1432001307" result="Passed" start-time="2026-02-20 01:42:01Z" end-time="2026-02-20 01:42:01Z" duration="0.032353" asserts="0">
                <properties>
                  <property name="retryIteration" value="0" />
                  <property name="repeatIteration" value="0" />
                </properties>
                <output><![CDATA[{"timestamp":"2026-02-20T01:42:01.1074340+00:00","level":"INFO","component":"avatar.loader","event_name":"avatar.loader.stage.begin","request_id":"req-test-file-not-found","error_code":"","message":"stage=classify;cause=image_path_validation","path":"C:\\Users\\sugar\\AppData\\Local\\Temp\\missing-6955eeceb4ff4b99b75bb04e9c27d34a.png","source_tier":"unit_test","exception_type":"","exception_message":""}
{"timestamp":"2026-02-20T01:42:01.1079476+00:00","level":"ERROR","component":"avatar.loader","event_name":"avatar.loader.stage.fail","request_id":"req-test-file-not-found","error_code":"ASSET.READ.FILE_NOT_FOUND","message":"stage=classify;cause=file_not_found;message=image file not found","path":"C:\\Users\\sugar\\AppData\\Local\\Temp\\missing-6955eeceb4ff4b99b75bb04e9c27d34a.png","source_tier":"unit_test","exception_type":"","exception_message":""}
]]></output>
              </test-case>
              <test-case id="1036" name="LoaderFailureClassification_InvokeFail_ReturnsExpectedDetail" fullname="MascotDesktop.Tests.EditMode.RuntimeErrorHandlingAndLoggingTests.LoaderFailureClassification_InvokeFail_ReturnsExpectedDetail" methodname="LoaderFailureClassification_InvokeFail_ReturnsExpectedDetail" classname="MascotDesktop.Tests.EditMode.RuntimeErrorHandlingAndLoggingTests" runstate="Runnable" seed="318102519" result="Passed" start-time="2026-02-20 01:42:01Z" end-time="2026-02-20 01:42:01Z" duration="0.046017" asserts="0">
                <properties>
                  <property name="retryIteration" value="0" />
                  <property name="repeatIteration" value="0" />
                </properties>
                <output><![CDATA[{"timestamp":"2026-02-20T01:42:01.1408960+00:00","level":"INFO","component":"avatar.loader","event_name":"avatar.loader.stage.begin","request_id":"req-test-invoke-fail","error_code":"","message":"stage=classify;cause=pmx_path_validation","path":"C:\\Users\\sugar\\AppData\\Local\\Temp\\runtime-loader-22f9c132c1d348898a17faf899196756.pmx","source_tier":"unit_test","exception_type":"","exception_message":""}
{"timestamp":"2026-02-20T01:42:01.1419037+00:00","level":"INFO","component":"avatar.loader","event_name":"avatar.loader.stage.end","request_id":"req-test-invoke-fail","error_code":"","message":"stage=classify;cause=pmx_path_validation","path":"C:\\Users\\sugar\\AppData\\Local\\Temp\\runtime-loader-22f9c132c1d348898a17faf899196756.pmx","source_tier":"unit_test","exception_type":"","exception_message":""}
{"timestamp":"2026-02-20T01:42:01.1434146+00:00","level":"INFO","component":"avatar.loader","event_name":"avatar.loader.stage.begin","request_id":"req-test-invoke-fail","error_code":"","message":"stage=resolve;cause=pmx.primary_type_lookup","path":"C:\\Users\\sugar\\AppData\\Local\\Temp\\runtime-loader-22f9c132c1d348898a17faf899196756.pmx","source_tier":"unit_test","exception_type":"","exception_message":""}
{"timestamp":"2026-02-20T01:42:01.1439206+00:00","level":"ERROR","component":"avatar.loader","event_name":"avatar.loader.stage.fail","request_id":"req-test-invoke-fail","error_code":"AVATAR.PMX.LOADER_NOT_FOUND","message":"stage=resolve;cause=primary_type_missing;message=primary PMX loader type not found","path":"C:\\Users\\sugar\\AppData\\Local\\Temp\\runtime-loader-22f9c132c1d348898a17faf899196756.pmx","source_tier":"unit_test","exception_type":"","exception_message":""}
{"timestamp":"2026-02-20T01:42:01.1449269+00:00","level":"INFO","component":"avatar.loader","event_name":"avatar.loader.stage.begin","request_id":"req-test-invoke-fail","error_code":"","message":"stage=resolve;cause=pmx.fallback_whitelist_scan","path":"C:\\Users\\sugar\\AppData\\Local\\Temp\\runtime-loader-22f9c132c1d348898a17faf899196756.pmx","source_tier":"unit_test","exception_type":"","exception_message":""}
{"timestamp":"2026-02-20T01:42:01.1464337+00:00","level":"INFO","component":"avatar.loader","event_name":"avatar.loader.stage.end","request_id":"req-test-invoke-fail","error_code":"","message":"stage=resolve;cause=pmx.fallback_whitelist_scan","path":"C:\\Users\\sugar\\AppData\\Local\\Temp\\runtime-loader-22f9c132c1d348898a17faf899196756.pmx","source_tier":"unit_test","exception_type":"","exception_message":""}
{"timestamp":"2026-02-20T01:42:01.1479823+00:00","level":"INFO","component":"avatar.loader","event_name":"avatar.loader.stage.begin","request_id":"req-test-invoke-fail","error_code":"","message":"stage=reflection_invoke;cause=MascotDesktop.Tests.EditMode.RuntimeErrorHandlingAndLoggingTests+ThrowingPmxFallbackLoader.LoadPmx","path":"C:\\Users\\sugar\\AppData\\Local\\Temp\\runtime-loader-22f9c132c1d348898a17faf899196756.pmx","source_tier":"unit_test","exception_type":"","exception_message":""}
{"timestamp":"2026-02-20T01:42:01.1489898+00:00","level":"ERROR","component":"avatar.loader","event_name":"avatar.loader.stage.fail","request_id":"req-test-invoke-fail","error_code":"AVATAR.PMX.INVOKE_FAILED","message":"stage=reflection_invoke;cause=MascotDesktop.Tests.EditMode.RuntimeErrorHandlingAndLoggingTests+ThrowingPmxFallbackLoader.LoadPmx;message=whitelisted PMX fallback invoke failed","path":"C:\\Users\\sugar\\AppData\\Local\\Temp\\runtime-loader-22f9c132c1d348898a17faf899196756.pmx","source_tier":"unit_test","exception_type":"System.InvalidOperationException","exception_message":"intentional invoke failure: C:\\Users\\sugar\\AppData\\Local\\Temp\\runtime-loader-22f9c132c1d348898a17faf899196756.pmx"}
]]></output>
              </test-case>
              <test-case id="1037" name="LoaderFailureClassification_NullRoot_ReturnsExpectedDetail" fullname="MascotDesktop.Tests.EditMode.RuntimeErrorHandlingAndLoggingTests.LoaderFailureClassification_NullRoot_ReturnsExpectedDetail" methodname="LoaderFailureClassification_NullRoot_ReturnsExpectedDetail" classname="MascotDesktop.Tests.EditMode.RuntimeErrorHandlingAndLoggingTests" runstate="Runnable" seed="1646950355" result="Passed" start-time="2026-02-20 01:42:01Z" end-time="2026-02-20 01:42:01Z" duration="0.031202" asserts="0">
                <properties>
                  <property name="retryIteration" value="0" />
                  <property name="repeatIteration" value="0" />
                </properties>
                <output><![CDATA[{"timestamp":"2026-02-20T01:42:01.1863895+00:00","level":"INFO","component":"avatar.loader","event_name":"avatar.loader.stage.begin","request_id":"req-test-null-root","error_code":"","message":"stage=classify;cause=pmx_path_validation","path":"C:\\Users\\sugar\\AppData\\Local\\Temp\\runtime-loader-bdeb0233f9ee4762b21326bbd92a53a7.pmx","source_tier":"unit_test","exception_type":"","exception_message":""}
{"timestamp":"2026-02-20T01:42:01.1863895+00:00","level":"INFO","component":"avatar.loader","event_name":"avatar.loader.stage.end","request_id":"req-test-null-root","error_code":"","message":"stage=classify;cause=pmx_path_validation","path":"C:\\Users\\sugar\\AppData\\Local\\Temp\\runtime-loader-bdeb0233f9ee4762b21326bbd92a53a7.pmx","source_tier":"unit_test","exception_type":"","exception_message":""}
{"timestamp":"2026-02-20T01:42:01.1878951+00:00","level":"INFO","component":"avatar.loader","event_name":"avatar.loader.stage.begin","request_id":"req-test-null-root","error_code":"","message":"stage=resolve;cause=pmx.primary_type_lookup","path":"C:\\Users\\sugar\\AppData\\Local\\Temp\\runtime-loader-bdeb0233f9ee4762b21326bbd92a53a7.pmx","source_tier":"unit_test","exception_type":"","exception_message":""}
{"timestamp":"2026-02-20T01:42:01.1878951+00:00","level":"ERROR","component":"avatar.loader","event_name":"avatar.loader.stage.fail","request_id":"req-test-null-root","error_code":"AVATAR.PMX.LOADER_NOT_FOUND","message":"stage=resolve;cause=primary_type_missing;message=primary PMX loader type not found","path":"C:\\Users\\sugar\\AppData\\Local\\Temp\\runtime-loader-bdeb0233f9ee4762b21326bbd92a53a7.pmx","source_tier":"unit_test","exception_type":"","exception_message":""}
{"timestamp":"2026-02-20T01:42:01.1889015+00:00","level":"INFO","component":"avatar.loader","event_name":"avatar.loader.stage.begin","request_id":"req-test-null-root","error_code":"","message":"stage=resolve;cause=pmx.fallback_whitelist_scan","path":"C:\\Users\\sugar\\AppData\\Local\\Temp\\runtime-loader-bdeb0233f9ee4762b21326bbd92a53a7.pmx","source_tier":"unit_test","exception_type":"","exception_message":""}
{"timestamp":"2026-02-20T01:42:01.1889015+00:00","level":"INFO","component":"avatar.loader","event_name":"avatar.loader.stage.end","request_id":"req-test-null-root","error_code":"","message":"stage=resolve;cause=pmx.fallback_whitelist_scan","path":"C:\\Users\\sugar\\AppData\\Local\\Temp\\runtime-loader-bdeb0233f9ee4762b21326bbd92a53a7.pmx","source_tier":"unit_test","exception_type":"","exception_message":""}
{"timestamp":"2026-02-20T01:42:01.1889015+00:00","level":"INFO","component":"avatar.loader","event_name":"avatar.loader.stage.begin","request_id":"req-test-null-root","error_code":"","message":"stage=reflection_invoke;cause=MascotDesktop.Tests.EditMode.RuntimeErrorHandlingAndLoggingTests+NullRootPmxFallbackLoader.LoadPmx","path":"C:\\Users\\sugar\\AppData\\Local\\Temp\\runtime-loader-bdeb0233f9ee4762b21326bbd92a53a7.pmx","source_tier":"unit_test","exception_type":"","exception_message":""}
{"timestamp":"2026-02-20T01:42:01.1941117+00:00","level":"INFO","component":"avatar.loader","event_name":"avatar.loader.stage.end","request_id":"req-test-null-root","error_code":"","message":"stage=reflection_invoke;cause=MascotDesktop.Tests.EditMode.RuntimeErrorHandlingAndLoggingTests+NullRootPmxFallbackLoader.LoadPmx:null_root","path":"C:\\Users\\sugar\\AppData\\Local\\Temp\\runtime-loader-bdeb0233f9ee4762b21326bbd92a53a7.pmx","source_tier":"unit_test","exception_type":"","exception_message":""}
{"timestamp":"2026-02-20T01:42:01.1941117+00:00","level":"ERROR","component":"avatar.loader","event_name":"avatar.loader.stage.fail","request_id":"req-test-null-root","error_code":"AVATAR.PMX.ROOT_NOT_FOUND","message":"stage=post-normalize;cause=fallback_root_null;message=whitelisted PMX fallback returned null root","path":"C:\\Users\\sugar\\AppData\\Local\\Temp\\runtime-loader-bdeb0233f9ee4762b21326bbd92a53a7.pmx","source_tier":"unit_test","exception_type":"","exception_message":""}
]]></output>
              </test-case>
              <test-case id="1038" name="RequestIdPropagation_UsesSingleRequestIdAcrossLoaderStageLogs" fullname="MascotDesktop.Tests.EditMode.RuntimeErrorHandlingAndLoggingTests.RequestIdPropagation_UsesSingleRequestIdAcrossLoaderStageLogs" methodname="RequestIdPropagation_UsesSingleRequestIdAcrossLoaderStageLogs" classname="MascotDesktop.Tests.EditMode.RuntimeErrorHandlingAndLoggingTests" runstate="Runnable" seed="956962272" result="Passed" start-time="2026-02-20 01:42:01Z" end-time="2026-02-20 01:42:01Z" duration="0.035763" asserts="0">
                <properties>
                  <property name="retryIteration" value="0" />
                  <property name="repeatIteration" value="0" />
                </properties>
                <output><![CDATA[{"timestamp":"2026-02-20T01:42:01.2179066+00:00","level":"INFO","component":"avatar.loader","event_name":"avatar.loader.stage.begin","request_id":"req-test-propagation","error_code":"","message":"stage=classify;cause=image_path_validation","path":"C:\\Users\\sugar\\AppData\\Local\\Temp\\runtime-loader-8c5c43dca113467bb72ed0fdf4f774d6.png","source_tier":"unit_test","exception_type":"","exception_message":""}
{"timestamp":"2026-02-20T01:42:01.2179066+00:00","level":"INFO","component":"avatar.loader","event_name":"avatar.loader.stage.end","request_id":"req-test-propagation","error_code":"","message":"stage=classify;cause=image_path_validation","path":"C:\\Users\\sugar\\AppData\\Local\\Temp\\runtime-loader-8c5c43dca113467bb72ed0fdf4f774d6.png","source_tier":"unit_test","exception_type":"","exception_message":""}
{"timestamp":"2026-02-20T01:42:01.2194369+00:00","level":"INFO","component":"avatar.loader","event_name":"avatar.loader.stage.begin","request_id":"req-test-propagation","error_code":"","message":"stage=reflection_invoke;cause=unity.texture_loader","path":"C:\\Users\\sugar\\AppData\\Local\\Temp\\runtime-loader-8c5c43dca113467bb72ed0fdf4f774d6.png","source_tier":"unit_test","exception_type":"","exception_message":""}
{"timestamp":"2026-02-20T01:42:01.2204419+00:00","level":"INFO","component":"avatar.loader","event_name":"avatar.loader.stage.end","request_id":"req-test-propagation","error_code":"","message":"stage=reflection_invoke;cause=unity.texture_loader","path":"C:\\Users\\sugar\\AppData\\Local\\Temp\\runtime-loader-8c5c43dca113467bb72ed0fdf4f774d6.png","source_tier":"unit_test","exception_type":"","exception_message":""}
{"timestamp":"2026-02-20T01:42:01.2209459+00:00","level":"INFO","component":"avatar.loader","event_name":"avatar.loader.stage.begin","request_id":"req-test-propagation","error_code":"","message":"stage=post-normalize;cause=image_decode_result","path":"C:\\Users\\sugar\\AppData\\Local\\Temp\\runtime-loader-8c5c43dca113467bb72ed0fdf4f774d6.png","source_tier":"unit_test","exception_type":"","exception_message":""}
{"timestamp":"2026-02-20T01:42:01.2209459+00:00","level":"ERROR","component":"avatar.loader","event_name":"avatar.loader.stage.fail","request_id":"req-test-propagation","error_code":"ASSET.READ.DECODE_FAILED","message":"stage=post-normalize;cause=decode_returned_null;message=failed to decode image: ext=.png","path":"C:\\Users\\sugar\\AppData\\Local\\Temp\\runtime-loader-8c5c43dca113467bb72ed0fdf4f774d6.png","source_tier":"unit_test","exception_type":"","exception_message":""}
]]></output>
              </test-case>
              <test-case id="1039" name="RuntimeLogPolicy_MinLevelAndFilters_AreApplied" fullname="MascotDesktop.Tests.EditMode.RuntimeErrorHandlingAndLoggingTests.RuntimeLogPolicy_MinLevelAndFilters_AreApplied" methodname="RuntimeLogPolicy_MinLevelAndFilters_AreApplied" classname="MascotDesktop.Tests.EditMode.RuntimeErrorHandlingAndLoggingTests" runstate="Runnable" seed="1398258987" result="Passed" start-time="2026-02-20 01:42:01Z" end-time="2026-02-20 01:42:01Z" duration="0.026419" asserts="0">
                <properties>
                  <property name="retryIteration" value="0" />
                  <property name="repeatIteration" value="0" />
                </properties>
                <output><![CDATA[{"timestamp":"2026-02-20T01:42:01.2529945+00:00","level":"WARN","component":"policy.test","event_name":"policy.event","request_id":"req-policy","error_code":"POLICY.WARN","message":"accepted warn","path":"","source_tier":"","exception_type":"","exception_message":""}
]]></output>
              </test-case>
              <test-case id="1040" name="RuntimeLogPolicy_RotationAndRetention_AreApplied" fullname="MascotDesktop.Tests.EditMode.RuntimeErrorHandlingAndLoggingTests.RuntimeLogPolicy_RotationAndRetention_AreApplied" methodname="RuntimeLogPolicy_RotationAndRetention_AreApplied" classname="MascotDesktop.Tests.EditMode.RuntimeErrorHandlingAndLoggingTests" runstate="Runnable" seed="2022559671" result="Passed" start-time="2026-02-20 01:42:01Z" end-time="2026-02-20 01:42:01Z" duration="0.076763" asserts="0">
                <properties>
                  <property name="retryIteration" value="0" />
                  <property name="repeatIteration" value="0" />
                </properties>
                <output><![CDATA[{"timestamp":"2026-02-20T01:42:01.2800673+00:00","level":"INFO","component":"rotation.test","event_name":"rotation.event","request_id":"req-rotation","error_code":"","message":"entry-0-xxxxxxxxxxxxxxxxxxxxxxxxxxxxxxxxxxxxxxxxxxxxxxxxxxxxxxxxxxxxxxxxxxxxxxxxxxxxxxxxxxxxxxxxxxxxxxxx","path":"","source_tier":"","exception_type":"","exception_message":""}
{"timestamp":"2026-02-20T01:42:01.2805711+00:00","level":"INFO","component":"rotation.test","event_name":"rotation.event","request_id":"req-rotation","error_code":"","message":"entry-1-xxxxxxxxxxxxxxxxxxxxxxxxxxxxxxxxxxxxxxxxxxxxxxxxxxxxxxxxxxxxxxxxxxxxxxxxxxxxxxxxxxxxxxxxxxxxxxxx","path":"","source_tier":"","exception_type":"","exception_message":""}
{"timestamp":"2026-02-20T01:42:01.2815765+00:00","level":"INFO","component":"rotation.test","event_name":"rotation.event","request_id":"req-rotation","error_code":"","message":"entry-2-xxxxxxxxxxxxxxxxxxxxxxxxxxxxxxxxxxxxxxxxxxxxxxxxxxxxxxxxxxxxxxxxxxxxxxxxxxxxxxxxxxxxxxxxxxxxxxxx","path":"","source_tier":"","exception_type":"","exception_message":""}
{"timestamp":"2026-02-20T01:42:01.2820808+00:00","level":"INFO","component":"rotation.test","event_name":"rotation.event","request_id":"req-rotation","error_code":"","message":"entry-3-xxxxxxxxxxxxxxxxxxxxxxxxxxxxxxxxxxxxxxxxxxxxxxxxxxxxxxxxxxxxxxxxxxxxxxxxxxxxxxxxxxxxxxxxxxxxxxxx","path":"","source_tier":"","exception_type":"","exception_message":""}
{"timestamp":"2026-02-20T01:42:01.2820808+00:00","level":"INFO","component":"rotation.test","event_name":"rotation.event","request_id":"req-rotation","error_code":"","message":"entry-4-xxxxxxxxxxxxxxxxxxxxxxxxxxxxxxxxxxxxxxxxxxxxxxxxxxxxxxxxxxxxxxxxxxxxxxxxxxxxxxxxxxxxxxxxxxxxxxxx","path":"","source_tier":"","exception_type":"","exception_message":""}
{"timestamp":"2026-02-20T01:42:01.2825924+00:00","level":"INFO","component":"rotation.test","event_name":"rotation.event","request_id":"req-rotation","error_code":"","message":"entry-5-xxxxxxxxxxxxxxxxxxxxxxxxxxxxxxxxxxxxxxxxxxxxxxxxxxxxxxxxxxxxxxxxxxxxxxxxxxxxxxxxxxxxxxxxxxxxxxxx","path":"","source_tier":"","exception_type":"","exception_message":""}
{"timestamp":"2026-02-20T01:42:01.2831059+00:00","level":"INFO","component":"rotation.test","event_name":"rotation.event","request_id":"req-rotation","error_code":"","message":"entry-6-xxxxxxxxxxxxxxxxxxxxxxxxxxxxxxxxxxxxxxxxxxxxxxxxxxxxxxxxxxxxxxxxxxxxxxxxxxxxxxxxxxxxxxxxxxxxxxxx","path":"","source_tier":"","exception_type":"","exception_message":""}
{"timestamp":"2026-02-20T01:42:01.2836178+00:00","level":"INFO","component":"rotation.test","event_name":"rotation.event","request_id":"req-rotation","error_code":"","message":"entry-7-xxxxxxxxxxxxxxxxxxxxxxxxxxxxxxxxxxxxxxxxxxxxxxxxxxxxxxxxxxxxxxxxxxxxxxxxxxxxxxxxxxxxxxxxxxxxxxxx","path":"","source_tier":"","exception_type":"","exception_message":""}
{"timestamp":"2026-02-20T01:42:01.2836178+00:00","level":"INFO","component":"rotation.test","event_name":"rotation.event","request_id":"req-rotation","error_code":"","message":"entry-8-xxxxxxxxxxxxxxxxxxxxxxxxxxxxxxxxxxxxxxxxxxxxxxxxxxxxxxxxxxxxxxxxxxxxxxxxxxxxxxxxxxxxxxxxxxxxxxxx","path":"","source_tier":"","exception_type":"","exception_message":""}
{"timestamp":"2026-02-20T01:42:01.2846229+00:00","level":"INFO","component":"rotation.test","event_name":"rotation.event","request_id":"req-rotation","error_code":"","message":"entry-9-xxxxxxxxxxxxxxxxxxxxxxxxxxxxxxxxxxxxxxxxxxxxxxxxxxxxxxxxxxxxxxxxxxxxxxxxxxxxxxxxxxxxxxxxxxxxxxxx","path":"","source_tier":"","exception_type":"","exception_message":""}
{"timestamp":"2026-02-20T01:42:01.2846229+00:00","level":"INFO","component":"rotation.test","event_name":"rotation.event","request_id":"req-rotation","error_code":"","message":"entry-10-xxxxxxxxxxxxxxxxxxxxxxxxxxxxxxxxxxxxxxxxxxxxxxxxxxxxxxxxxxxxxxxxxxxxxxxxxxxxxxxxxxxxxxxxxxxxxxxx","path":"","source_tier":"","exception_type":"","exception_message":""}
{"timestamp":"2026-02-20T01:42:01.2856559+00:00","level":"INFO","component":"rotation.test","event_name":"rotation.event","request_id":"req-rotation","error_code":"","message":"entry-11-xxxxxxxxxxxxxxxxxxxxxxxxxxxxxxxxxxxxxxxxxxxxxxxxxxxxxxxxxxxxxxxxxxxxxxxxxxxxxxxxxxxxxxxxxxxxxxxx","path":"","source_tier":"","exception_type":"","exception_message":""}
{"timestamp":"2026-02-20T01:42:01.2856559+00:00","level":"INFO","component":"rotation.test","event_name":"rotation.event","request_id":"req-rotation","error_code":"","message":"entry-12-xxxxxxxxxxxxxxxxxxxxxxxxxxxxxxxxxxxxxxxxxxxxxxxxxxxxxxxxxxxxxxxxxxxxxxxxxxxxxxxxxxxxxxxxxxxxxxxx","path":"","source_tier":"","exception_type":"","exception_message":""}
{"timestamp":"2026-02-20T01:42:01.2866233+00:00","level":"INFO","component":"rotation.test","event_name":"rotation.event","request_id":"req-rotation","error_code":"","message":"entry-13-xxxxxxxxxxxxxxxxxxxxxxxxxxxxxxxxxxxxxxxxxxxxxxxxxxxxxxxxxxxxxxxxxxxxxxxxxxxxxxxxxxxxxxxxxxxxxxxx","path":"","source_tier":"","exception_type":"","exception_message":""}
{"timestamp":"2026-02-20T01:42:01.2866233+00:00","level":"INFO","component":"rotation.test","event_name":"rotation.event","request_id":"req-rotation","error_code":"","message":"entry-14-xxxxxxxxxxxxxxxxxxxxxxxxxxxxxxxxxxxxxxxxxxxxxxxxxxxxxxxxxxxxxxxxxxxxxxxxxxxxxxxxxxxxxxxxxxxxxxxx","path":"","source_tier":"","exception_type":"","exception_message":""}
{"timestamp":"2026-02-20T01:42:01.2866233+00:00","level":"INFO","component":"rotation.test","event_name":"rotation.event","request_id":"req-rotation","error_code":"","message":"entry-15-xxxxxxxxxxxxxxxxxxxxxxxxxxxxxxxxxxxxxxxxxxxxxxxxxxxxxxxxxxxxxxxxxxxxxxxxxxxxxxxxxxxxxxxxxxxxxxxx","path":"","source_tier":"","exception_type":"","exception_message":""}
{"timestamp":"2026-02-20T01:42:01.2881294+00:00","level":"INFO","component":"rotation.test","event_name":"rotation.event","request_id":"req-rotation","error_code":"","message":"entry-16-xxxxxxxxxxxxxxxxxxxxxxxxxxxxxxxxxxxxxxxxxxxxxxxxxxxxxxxxxxxxxxxxxxxxxxxxxxxxxxxxxxxxxxxxxxxxxxxx","path":"","source_tier":"","exception_type":"","exception_message":""}
{"timestamp":"2026-02-20T01:42:01.2886469+00:00","level":"INFO","component":"rotation.test","event_name":"rotation.event","request_id":"req-rotation","error_code":"","message":"entry-17-xxxxxxxxxxxxxxxxxxxxxxxxxxxxxxxxxxxxxxxxxxxxxxxxxxxxxxxxxxxxxxxxxxxxxxxxxxxxxxxxxxxxxxxxxxxxxxxx","path":"","source_tier":"","exception_type":"","exception_message":""}
{"timestamp":"2026-02-20T01:42:01.2886469+00:00","level":"INFO","component":"rotation.test","event_name":"rotation.event","request_id":"req-rotation","error_code":"","message":"entry-18-xxxxxxxxxxxxxxxxxxxxxxxxxxxxxxxxxxxxxxxxxxxxxxxxxxxxxxxxxxxxxxxxxxxxxxxxxxxxxxxxxxxxxxxxxxxxxxxx","path":"","source_tier":"","exception_type":"","exception_message":""}
{"timestamp":"2026-02-20T01:42:01.2886469+00:00","level":"INFO","component":"rotation.test","event_name":"rotation.event","request_id":"req-rotation","error_code":"","message":"entry-19-xxxxxxxxxxxxxxxxxxxxxxxxxxxxxxxxxxxxxxxxxxxxxxxxxxxxxxxxxxxxxxxxxxxxxxxxxxxxxxxxxxxxxxxxxxxxxxxx","path":"","source_tier":"","exception_type":"","exception_message":""}
{"timestamp":"2026-02-20T01:42:01.2902693+00:00","level":"INFO","component":"rotation.test","event_name":"rotation.event","request_id":"req-rotation","error_code":"","message":"entry-20-xxxxxxxxxxxxxxxxxxxxxxxxxxxxxxxxxxxxxxxxxxxxxxxxxxxxxxxxxxxxxxxxxxxxxxxxxxxxxxxxxxxxxxxxxxxxxxxx","path":"","source_tier":"","exception_type":"","exception_message":""}
{"timestamp":"2026-02-20T01:42:01.2902693+00:00","level":"INFO","component":"rotation.test","event_name":"rotation.event","request_id":"req-rotation","error_code":"","message":"entry-21-xxxxxxxxxxxxxxxxxxxxxxxxxxxxxxxxxxxxxxxxxxxxxxxxxxxxxxxxxxxxxxxxxxxxxxxxxxxxxxxxxxxxxxxxxxxxxxxx","path":"","source_tier":"","exception_type":"","exception_message":""}
{"timestamp":"2026-02-20T01:42:01.2912760+00:00","level":"INFO","component":"rotation.test","event_name":"rotation.event","request_id":"req-rotation","error_code":"","message":"entry-22-xxxxxxxxxxxxxxxxxxxxxxxxxxxxxxxxxxxxxxxxxxxxxxxxxxxxxxxxxxxxxxxxxxxxxxxxxxxxxxxxxxxxxxxxxxxxxxxx","path":"","source_tier":"","exception_type":"","exception_message":""}
{"timestamp":"2026-02-20T01:42:01.2917797+00:00","level":"INFO","component":"rotation.test","event_name":"rotation.event","request_id":"req-rotation","error_code":"","message":"entry-23-xxxxxxxxxxxxxxxxxxxxxxxxxxxxxxxxxxxxxxxxxxxxxxxxxxxxxxxxxxxxxxxxxxxxxxxxxxxxxxxxxxxxxxxxxxxxxxxx","path":"","source_tier":"","exception_type":"","exception_message":""}
{"timestamp":"2026-02-20T01:42:01.2922836+00:00","level":"INFO","component":"rotation.test","event_name":"rotation.event","request_id":"req-rotation","error_code":"","message":"entry-24-xxxxxxxxxxxxxxxxxxxxxxxxxxxxxxxxxxxxxxxxxxxxxxxxxxxxxxxxxxxxxxxxxxxxxxxxxxxxxxxxxxxxxxxxxxxxxxxx","path":"","source_tier":"","exception_type":"","exception_message":""}
{"timestamp":"2026-02-20T01:42:01.2927949+00:00","level":"INFO","component":"rotation.test","event_name":"rotation.event","request_id":"req-rotation","error_code":"","message":"entry-25-xxxxxxxxxxxxxxxxxxxxxxxxxxxxxxxxxxxxxxxxxxxxxxxxxxxxxxxxxxxxxxxxxxxxxxxxxxxxxxxxxxxxxxxxxxxxxxxx","path":"","source_tier":"","exception_type":"","exception_message":""}
{"timestamp":"2026-02-20T01:42:01.2933993+00:00","level":"INFO","component":"rotation.test","event_name":"rotation.event","request_id":"req-rotation","error_code":"","message":"entry-26-xxxxxxxxxxxxxxxxxxxxxxxxxxxxxxxxxxxxxxxxxxxxxxxxxxxxxxxxxxxxxxxxxxxxxxxxxxxxxxxxxxxxxxxxxxxxxxxx","path":"","source_tier":"","exception_type":"","exception_message":""}
{"timestamp":"2026-02-20T01:42:01.2939431+00:00","level":"INFO","component":"rotation.test","event_name":"rotation.event","request_id":"req-rotation","error_code":"","message":"entry-27-xxxxxxxxxxxxxxxxxxxxxxxxxxxxxxxxxxxxxxxxxxxxxxxxxxxxxxxxxxxxxxxxxxxxxxxxxxxxxxxxxxxxxxxxxxxxxxxx","path":"","source_tier":"","exception_type":"","exception_message":""}
{"timestamp":"2026-02-20T01:42:01.2939431+00:00","level":"INFO","component":"rotation.test","event_name":"rotation.event","request_id":"req-rotation","error_code":"","message":"entry-28-xxxxxxxxxxxxxxxxxxxxxxxxxxxxxxxxxxxxxxxxxxxxxxxxxxxxxxxxxxxxxxxxxxxxxxxxxxxxxxxxxxxxxxxxxxxxxxxx","path":"","source_tier":"","exception_type":"","exception_message":""}
{"timestamp":"2026-02-20T01:42:01.2949480+00:00","level":"INFO","component":"rotation.test","event_name":"rotation.event","request_id":"req-rotation","error_code":"","message":"entry-29-xxxxxxxxxxxxxxxxxxxxxxxxxxxxxxxxxxxxxxxxxxxxxxxxxxxxxxxxxxxxxxxxxxxxxxxxxxxxxxxxxxxxxxxxxxxxxxxx","path":"","source_tier":"","exception_type":"","exception_message":""}
{"timestamp":"2026-02-20T01:42:01.2949480+00:00","level":"INFO","component":"rotation.test","event_name":"rotation.event","request_id":"req-rotation","error_code":"","message":"entry-30-xxxxxxxxxxxxxxxxxxxxxxxxxxxxxxxxxxxxxxxxxxxxxxxxxxxxxxxxxxxxxxxxxxxxxxxxxxxxxxxxxxxxxxxxxxxxxxxx","path":"","source_tier":"","exception_type":"","exception_message":""}
{"timestamp":"2026-02-20T01:42:01.2949480+00:00","level":"INFO","component":"rotation.test","event_name":"rotation.event","request_id":"req-rotation","error_code":"","message":"entry-31-xxxxxxxxxxxxxxxxxxxxxxxxxxxxxxxxxxxxxxxxxxxxxxxxxxxxxxxxxxxxxxxxxxxxxxxxxxxxxxxxxxxxxxxxxxxxxxxx","path":"","source_tier":"","exception_type":"","exception_message":""}
{"timestamp":"2026-02-20T01:42:01.2964521+00:00","level":"INFO","component":"rotation.test","event_name":"rotation.event","request_id":"req-rotation","error_code":"","message":"entry-32-xxxxxxxxxxxxxxxxxxxxxxxxxxxxxxxxxxxxxxxxxxxxxxxxxxxxxxxxxxxxxxxxxxxxxxxxxxxxxxxxxxxxxxxxxxxxxxxx","path":"","source_tier":"","exception_type":"","exception_message":""}
{"timestamp":"2026-02-20T01:42:01.2964521+00:00","level":"INFO","component":"rotation.test","event_name":"rotation.event","request_id":"req-rotation","error_code":"","message":"entry-33-xxxxxxxxxxxxxxxxxxxxxxxxxxxxxxxxxxxxxxxxxxxxxxxxxxxxxxxxxxxxxxxxxxxxxxxxxxxxxxxxxxxxxxxxxxxxxxxx","path":"","source_tier":"","exception_type":"","exception_message":""}
{"timestamp":"2026-02-20T01:42:01.2974577+00:00","level":"INFO","component":"rotation.test","event_name":"rotation.event","request_id":"req-rotation","error_code":"","message":"entry-34-xxxxxxxxxxxxxxxxxxxxxxxxxxxxxxxxxxxxxxxxxxxxxxxxxxxxxxxxxxxxxxxxxxxxxxxxxxxxxxxxxxxxxxxxxxxxxxxx","path":"","source_tier":"","exception_type":"","exception_message":""}
{"timestamp":"2026-02-20T01:42:01.2974577+00:00","level":"INFO","component":"rotation.test","event_name":"rotation.event","request_id":"req-rotation","error_code":"","message":"entry-35-xxxxxxxxxxxxxxxxxxxxxxxxxxxxxxxxxxxxxxxxxxxxxxxxxxxxxxxxxxxxxxxxxxxxxxxxxxxxxxxxxxxxxxxxxxxxxxxx","path":"","source_tier":"","exception_type":"","exception_message":""}
{"timestamp":"2026-02-20T01:42:01.2979617+00:00","level":"INFO","component":"rotation.test","event_name":"rotation.event","request_id":"req-rotation","error_code":"","message":"entry-36-xxxxxxxxxxxxxxxxxxxxxxxxxxxxxxxxxxxxxxxxxxxxxxxxxxxxxxxxxxxxxxxxxxxxxxxxxxxxxxxxxxxxxxxxxxxxxxxx","path":"","source_tier":"","exception_type":"","exception_message":""}
{"timestamp":"2026-02-20T01:42:01.2984727+00:00","level":"INFO","component":"rotation.test","event_name":"rotation.event","request_id":"req-rotation","error_code":"","message":"entry-37-xxxxxxxxxxxxxxxxxxxxxxxxxxxxxxxxxxxxxxxxxxxxxxxxxxxxxxxxxxxxxxxxxxxxxxxxxxxxxxxxxxxxxxxxxxxxxxxx","path":"","source_tier":"","exception_type":"","exception_message":""}
{"timestamp":"2026-02-20T01:42:01.2984727+00:00","level":"INFO","component":"rotation.test","event_name":"rotation.event","request_id":"req-rotation","error_code":"","message":"entry-38-xxxxxxxxxxxxxxxxxxxxxxxxxxxxxxxxxxxxxxxxxxxxxxxxxxxxxxxxxxxxxxxxxxxxxxxxxxxxxxxxxxxxxxxxxxxxxxxx","path":"","source_tier":"","exception_type":"","exception_message":""}
{"timestamp":"2026-02-20T01:42:01.2994779+00:00","level":"INFO","component":"rotation.test","event_name":"rotation.event","request_id":"req-rotation","error_code":"","message":"entry-39-xxxxxxxxxxxxxxxxxxxxxxxxxxxxxxxxxxxxxxxxxxxxxxxxxxxxxxxxxxxxxxxxxxxxxxxxxxxxxxxxxxxxxxxxxxxxxxxx","path":"","source_tier":"","exception_type":"","exception_message":""}
{"timestamp":"2026-02-20T01:42:01.2994779+00:00","level":"INFO","component":"rotation.test","event_name":"rotation.event","request_id":"req-rotation","error_code":"","message":"entry-40-xxxxxxxxxxxxxxxxxxxxxxxxxxxxxxxxxxxxxxxxxxxxxxxxxxxxxxxxxxxxxxxxxxxxxxxxxxxxxxxxxxxxxxxxxxxxxxxx","path":"","source_tier":"","exception_type":"","exception_message":""}
{"timestamp":"2026-02-20T01:42:01.3004783+00:00","level":"INFO","component":"rotation.test","event_name":"rotation.event","request_id":"req-rotation","error_code":"","message":"entry-41-xxxxxxxxxxxxxxxxxxxxxxxxxxxxxxxxxxxxxxxxxxxxxxxxxxxxxxxxxxxxxxxxxxxxxxxxxxxxxxxxxxxxxxxxxxxxxxxx","path":"","source_tier":"","exception_type":"","exception_message":""}
{"timestamp":"2026-02-20T01:42:01.3004783+00:00","level":"INFO","component":"rotation.test","event_name":"rotation.event","request_id":"req-rotation","error_code":"","message":"entry-42-xxxxxxxxxxxxxxxxxxxxxxxxxxxxxxxxxxxxxxxxxxxxxxxxxxxxxxxxxxxxxxxxxxxxxxxxxxxxxxxxxxxxxxxxxxxxxxxx","path":"","source_tier":"","exception_type":"","exception_message":""}
{"timestamp":"2026-02-20T01:42:01.3014780+00:00","level":"INFO","component":"rotation.test","event_name":"rotation.event","request_id":"req-rotation","error_code":"","message":"entry-43-xxxxxxxxxxxxxxxxxxxxxxxxxxxxxxxxxxxxxxxxxxxxxxxxxxxxxxxxxxxxxxxxxxxxxxxxxxxxxxxxxxxxxxxxxxxxxxxx","path":"","source_tier":"","exception_type":"","exception_message":""}
{"timestamp":"2026-02-20T01:42:01.3014780+00:00","level":"INFO","component":"rotation.test","event_name":"rotation.event","request_id":"req-rotation","error_code":"","message":"entry-44-xxxxxxxxxxxxxxxxxxxxxxxxxxxxxxxxxxxxxxxxxxxxxxxxxxxxxxxxxxxxxxxxxxxxxxxxxxxxxxxxxxxxxxxxxxxxxxxx","path":"","source_tier":"","exception_type":"","exception_message":""}
{"timestamp":"2026-02-20T01:42:01.3024795+00:00","level":"INFO","component":"rotation.test","event_name":"rotation.event","request_id":"req-rotation","error_code":"","message":"entry-45-xxxxxxxxxxxxxxxxxxxxxxxxxxxxxxxxxxxxxxxxxxxxxxxxxxxxxxxxxxxxxxxxxxxxxxxxxxxxxxxxxxxxxxxxxxxxxxxx","path":"","source_tier":"","exception_type":"","exception_message":""}
{"timestamp":"2026-02-20T01:42:01.3024795+00:00","level":"INFO","component":"rotation.test","event_name":"rotation.event","request_id":"req-rotation","error_code":"","message":"entry-46-xxxxxxxxxxxxxxxxxxxxxxxxxxxxxxxxxxxxxxxxxxxxxxxxxxxxxxxxxxxxxxxxxxxxxxxxxxxxxxxxxxxxxxxxxxxxxxxx","path":"","source_tier":"","exception_type":"","exception_message":""}
{"timestamp":"2026-02-20T01:42:01.3024795+00:00","level":"INFO","component":"rotation.test","event_name":"rotation.event","request_id":"req-rotation","error_code":"","message":"entry-47-xxxxxxxxxxxxxxxxxxxxxxxxxxxxxxxxxxxxxxxxxxxxxxxxxxxxxxxxxxxxxxxxxxxxxxxxxxxxxxxxxxxxxxxxxxxxxxxx","path":"","source_tier":"","exception_type":"","exception_message":""}
{"timestamp":"2026-02-20T01:42:01.3024795+00:00","level":"INFO","component":"rotation.test","event_name":"rotation.event","request_id":"req-rotation","error_code":"","message":"entry-48-xxxxxxxxxxxxxxxxxxxxxxxxxxxxxxxxxxxxxxxxxxxxxxxxxxxxxxxxxxxxxxxxxxxxxxxxxxxxxxxxxxxxxxxxxxxxxxxx","path":"","source_tier":"","exception_type":"","exception_message":""}
{"timestamp":"2026-02-20T01:42:01.3040557+00:00","level":"INFO","component":"rotation.test","event_name":"rotation.event","request_id":"req-rotation","error_code":"","message":"entry-49-xxxxxxxxxxxxxxxxxxxxxxxxxxxxxxxxxxxxxxxxxxxxxxxxxxxxxxxxxxxxxxxxxxxxxxxxxxxxxxxxxxxxxxxxxxxxxxxx","path":"","source_tier":"","exception_type":"","exception_message":""}
{"timestamp":"2026-02-20T01:42:01.3040557+00:00","level":"INFO","component":"rotation.test","event_name":"rotation.event","request_id":"req-rotation","error_code":"","message":"entry-50-xxxxxxxxxxxxxxxxxxxxxxxxxxxxxxxxxxxxxxxxxxxxxxxxxxxxxxxxxxxxxxxxxxxxxxxxxxxxxxxxxxxxxxxxxxxxxxxx","path":"","source_tier":"","exception_type":"","exception_message":""}
{"timestamp":"2026-02-20T01:42:01.3040557+00:00","level":"INFO","component":"rotation.test","event_name":"rotation.event","request_id":"req-rotation","error_code":"","message":"entry-51-xxxxxxxxxxxxxxxxxxxxxxxxxxxxxxxxxxxxxxxxxxxxxxxxxxxxxxxxxxxxxxxxxxxxxxxxxxxxxxxxxxxxxxxxxxxxxxxx","path":"","source_tier":"","exception_type":"","exception_message":""}
{"timestamp":"2026-02-20T01:42:01.3055668+00:00","level":"INFO","component":"rotation.test","event_name":"rotation.event","request_id":"req-rotation","error_code":"","message":"entry-52-xxxxxxxxxxxxxxxxxxxxxxxxxxxxxxxxxxxxxxxxxxxxxxxxxxxxxxxxxxxxxxxxxxxxxxxxxxxxxxxxxxxxxxxxxxxxxxxx","path":"","source_tier":"","exception_type":"","exception_message":""}
{"timestamp":"2026-02-20T01:42:01.3061374+00:00","level":"INFO","component":"rotation.test","event_name":"rotation.event","request_id":"req-rotation","error_code":"","message":"entry-53-xxxxxxxxxxxxxxxxxxxxxxxxxxxxxxxxxxxxxxxxxxxxxxxxxxxxxxxxxxxxxxxxxxxxxxxxxxxxxxxxxxxxxxxxxxxxxxxx","path":"","source_tier":"","exception_type":"","exception_message":""}
{"timestamp":"2026-02-20T01:42:01.3071485+00:00","level":"INFO","component":"rotation.test","event_name":"rotation.event","request_id":"req-rotation","error_code":"","message":"entry-54-xxxxxxxxxxxxxxxxxxxxxxxxxxxxxxxxxxxxxxxxxxxxxxxxxxxxxxxxxxxxxxxxxxxxxxxxxxxxxxxxxxxxxxxxxxxxxxxx","path":"","source_tier":"","exception_type":"","exception_message":""}
{"timestamp":"2026-02-20T01:42:01.3076528+00:00","level":"INFO","component":"rotation.test","event_name":"rotation.event","request_id":"req-rotation","error_code":"","message":"entry-55-xxxxxxxxxxxxxxxxxxxxxxxxxxxxxxxxxxxxxxxxxxxxxxxxxxxxxxxxxxxxxxxxxxxxxxxxxxxxxxxxxxxxxxxxxxxxxxxx","path":"","source_tier":"","exception_type":"","exception_message":""}
{"timestamp":"2026-02-20T01:42:01.3081644+00:00","level":"INFO","component":"rotation.test","event_name":"rotation.event","request_id":"req-rotation","error_code":"","message":"entry-56-xxxxxxxxxxxxxxxxxxxxxxxxxxxxxxxxxxxxxxxxxxxxxxxxxxxxxxxxxxxxxxxxxxxxxxxxxxxxxxxxxxxxxxxxxxxxxxxx","path":"","source_tier":"","exception_type":"","exception_message":""}
{"timestamp":"2026-02-20T01:42:01.3081644+00:00","level":"INFO","component":"rotation.test","event_name":"rotation.event","request_id":"req-rotation","error_code":"","message":"entry-57-xxxxxxxxxxxxxxxxxxxxxxxxxxxxxxxxxxxxxxxxxxxxxxxxxxxxxxxxxxxxxxxxxxxxxxxxxxxxxxxxxxxxxxxxxxxxxxxx","path":"","source_tier":"","exception_type":"","exception_message":""}
{"timestamp":"2026-02-20T01:42:01.3088921+00:00","level":"INFO","component":"rotation.test","event_name":"rotation.event","request_id":"req-rotation","error_code":"","message":"entry-58-xxxxxxxxxxxxxxxxxxxxxxxxxxxxxxxxxxxxxxxxxxxxxxxxxxxxxxxxxxxxxxxxxxxxxxxxxxxxxxxxxxxxxxxxxxxxxxxx","path":"","source_tier":"","exception_type":"","exception_message":""}
{"timestamp":"2026-02-20T01:42:01.3094415+00:00","level":"INFO","component":"rotation.test","event_name":"rotation.event","request_id":"req-rotation","error_code":"","message":"entry-59-xxxxxxxxxxxxxxxxxxxxxxxxxxxxxxxxxxxxxxxxxxxxxxxxxxxxxxxxxxxxxxxxxxxxxxxxxxxxxxxxxxxxxxxxxxxxxxxx","path":"","source_tier":"","exception_type":"","exception_message":""}
{"timestamp":"2026-02-20T01:42:01.3094415+00:00","level":"INFO","component":"rotation.test","event_name":"rotation.event","request_id":"req-rotation","error_code":"","message":"entry-60-xxxxxxxxxxxxxxxxxxxxxxxxxxxxxxxxxxxxxxxxxxxxxxxxxxxxxxxxxxxxxxxxxxxxxxxxxxxxxxxxxxxxxxxxxxxxxxxx","path":"","source_tier":"","exception_type":"","exception_message":""}
{"timestamp":"2026-02-20T01:42:01.3101196+00:00","level":"INFO","component":"rotation.test","event_name":"rotation.event","request_id":"req-rotation","error_code":"","message":"entry-61-xxxxxxxxxxxxxxxxxxxxxxxxxxxxxxxxxxxxxxxxxxxxxxxxxxxxxxxxxxxxxxxxxxxxxxxxxxxxxxxxxxxxxxxxxxxxxxxx","path":"","source_tier":"","exception_type":"","exception_message":""}
{"timestamp":"2026-02-20T01:42:01.3101196+00:00","level":"INFO","component":"rotation.test","event_name":"rotation.event","request_id":"req-rotation","error_code":"","message":"entry-62-xxxxxxxxxxxxxxxxxxxxxxxxxxxxxxxxxxxxxxxxxxxxxxxxxxxxxxxxxxxxxxxxxxxxxxxxxxxxxxxxxxxxxxxxxxxxxxxx","path":"","source_tier":"","exception_type":"","exception_message":""}
{"timestamp":"2026-02-20T01:42:01.3111575+00:00","level":"INFO","component":"rotation.test","event_name":"rotation.event","request_id":"req-rotation","error_code":"","message":"entry-63-xxxxxxxxxxxxxxxxxxxxxxxxxxxxxxxxxxxxxxxxxxxxxxxxxxxxxxxxxxxxxxxxxxxxxxxxxxxxxxxxxxxxxxxxxxxxxxxx","path":"","source_tier":"","exception_type":"","exception_message":""}
{"timestamp":"2026-02-20T01:42:01.3116923+00:00","level":"INFO","component":"rotation.test","event_name":"rotation.event","request_id":"req-rotation","error_code":"","message":"entry-64-xxxxxxxxxxxxxxxxxxxxxxxxxxxxxxxxxxxxxxxxxxxxxxxxxxxxxxxxxxxxxxxxxxxxxxxxxxxxxxxxxxxxxxxxxxxxxxxx","path":"","source_tier":"","exception_type":"","exception_message":""}
{"timestamp":"2026-02-20T01:42:01.3122027+00:00","level":"INFO","component":"rotation.test","event_name":"rotation.event","request_id":"req-rotation","error_code":"","message":"entry-65-xxxxxxxxxxxxxxxxxxxxxxxxxxxxxxxxxxxxxxxxxxxxxxxxxxxxxxxxxxxxxxxxxxxxxxxxxxxxxxxxxxxxxxxxxxxxxxxx","path":"","source_tier":"","exception_type":"","exception_message":""}
{"timestamp":"2026-02-20T01:42:01.3122027+00:00","level":"INFO","component":"rotation.test","event_name":"rotation.event","request_id":"req-rotation","error_code":"","message":"entry-66-xxxxxxxxxxxxxxxxxxxxxxxxxxxxxxxxxxxxxxxxxxxxxxxxxxxxxxxxxxxxxxxxxxxxxxxxxxxxxxxxxxxxxxxxxxxxxxxx","path":"","source_tier":"","exception_type":"","exception_message":""}
{"timestamp":"2026-02-20T01:42:01.3122027+00:00","level":"INFO","component":"rotation.test","event_name":"rotation.event","request_id":"req-rotation","error_code":"","message":"entry-67-xxxxxxxxxxxxxxxxxxxxxxxxxxxxxxxxxxxxxxxxxxxxxxxxxxxxxxxxxxxxxxxxxxxxxxxxxxxxxxxxxxxxxxxxxxxxxxxx","path":"","source_tier":"","exception_type":"","exception_message":""}
{"timestamp":"2026-02-20T01:42:01.3137159+00:00","level":"INFO","component":"rotation.test","event_name":"rotation.event","request_id":"req-rotation","error_code":"","message":"entry-68-xxxxxxxxxxxxxxxxxxxxxxxxxxxxxxxxxxxxxxxxxxxxxxxxxxxxxxxxxxxxxxxxxxxxxxxxxxxxxxxxxxxxxxxxxxxxxxxx","path":"","source_tier":"","exception_type":"","exception_message":""}
{"timestamp":"2026-02-20T01:42:01.3137159+00:00","level":"INFO","component":"rotation.test","event_name":"rotation.event","request_id":"req-rotation","error_code":"","message":"entry-69-xxxxxxxxxxxxxxxxxxxxxxxxxxxxxxxxxxxxxxxxxxxxxxxxxxxxxxxxxxxxxxxxxxxxxxxxxxxxxxxxxxxxxxxxxxxxxxxx","path":"","source_tier":"","exception_type":"","exception_message":""}
{"timestamp":"2026-02-20T01:42:01.3144185+00:00","level":"INFO","component":"rotation.test","event_name":"rotation.event","request_id":"req-rotation","error_code":"","message":"entry-70-xxxxxxxxxxxxxxxxxxxxxxxxxxxxxxxxxxxxxxxxxxxxxxxxxxxxxxxxxxxxxxxxxxxxxxxxxxxxxxxxxxxxxxxxxxxxxxxx","path":"","source_tier":"","exception_type":"","exception_message":""}
{"timestamp":"2026-02-20T01:42:01.3144185+00:00","level":"INFO","component":"rotation.test","event_name":"rotation.event","request_id":"req-rotation","error_code":"","message":"entry-71-xxxxxxxxxxxxxxxxxxxxxxxxxxxxxxxxxxxxxxxxxxxxxxxxxxxxxxxxxxxxxxxxxxxxxxxxxxxxxxxxxxxxxxxxxxxxxxxx","path":"","source_tier":"","exception_type":"","exception_message":""}
{"timestamp":"2026-02-20T01:42:01.3154243+00:00","level":"INFO","component":"rotation.test","event_name":"rotation.event","request_id":"req-rotation","error_code":"","message":"entry-72-xxxxxxxxxxxxxxxxxxxxxxxxxxxxxxxxxxxxxxxxxxxxxxxxxxxxxxxxxxxxxxxxxxxxxxxxxxxxxxxxxxxxxxxxxxxxxxxx","path":"","source_tier":"","exception_type":"","exception_message":""}
{"timestamp":"2026-02-20T01:42:01.3154243+00:00","level":"INFO","component":"rotation.test","event_name":"rotation.event","request_id":"req-rotation","error_code":"","message":"entry-73-xxxxxxxxxxxxxxxxxxxxxxxxxxxxxxxxxxxxxxxxxxxxxxxxxxxxxxxxxxxxxxxxxxxxxxxxxxxxxxxxxxxxxxxxxxxxxxxx","path":"","source_tier":"","exception_type":"","exception_message":""}
{"timestamp":"2026-02-20T01:42:01.3194410+00:00","level":"INFO","component":"rotation.test","event_name":"rotation.event","request_id":"req-rotation","error_code":"","message":"entry-74-xxxxxxxxxxxxxxxxxxxxxxxxxxxxxxxxxxxxxxxxxxxxxxxxxxxxxxxxxxxxxxxxxxxxxxxxxxxxxxxxxxxxxxxxxxxxxxxx","path":"","source_tier":"","exception_type":"","exception_message":""}
{"timestamp":"2026-02-20T01:42:01.3194410+00:00","level":"INFO","component":"rotation.test","event_name":"rotation.event","request_id":"req-rotation","error_code":"","message":"entry-75-xxxxxxxxxxxxxxxxxxxxxxxxxxxxxxxxxxxxxxxxxxxxxxxxxxxxxxxxxxxxxxxxxxxxxxxxxxxxxxxxxxxxxxxxxxxxxxxx","path":"","source_tier":"","exception_type":"","exception_message":""}
{"timestamp":"2026-02-20T01:42:01.3194410+00:00","level":"INFO","component":"rotation.test","event_name":"rotation.event","request_id":"req-rotation","error_code":"","message":"entry-76-xxxxxxxxxxxxxxxxxxxxxxxxxxxxxxxxxxxxxxxxxxxxxxxxxxxxxxxxxxxxxxxxxxxxxxxxxxxxxxxxxxxxxxxxxxxxxxxx","path":"","source_tier":"","exception_type":"","exception_message":""}
{"timestamp":"2026-02-20T01:42:01.3210553+00:00","level":"INFO","component":"rotation.test","event_name":"rotation.event","request_id":"req-rotation","error_code":"","message":"entry-77-xxxxxxxxxxxxxxxxxxxxxxxxxxxxxxxxxxxxxxxxxxxxxxxxxxxxxxxxxxxxxxxxxxxxxxxxxxxxxxxxxxxxxxxxxxxxxxxx","path":"","source_tier":"","exception_type":"","exception_message":""}
{"timestamp":"2026-02-20T01:42:01.3215665+00:00","level":"INFO","component":"rotation.test","event_name":"rotation.event","request_id":"req-rotation","error_code":"","message":"entry-78-xxxxxxxxxxxxxxxxxxxxxxxxxxxxxxxxxxxxxxxxxxxxxxxxxxxxxxxxxxxxxxxxxxxxxxxxxxxxxxxxxxxxxxxxxxxxxxxx","path":"","source_tier":"","exception_type":"","exception_message":""}
{"timestamp":"2026-02-20T01:42:01.3220779+00:00","level":"INFO","component":"rotation.test","event_name":"rotation.event","request_id":"req-rotation","error_code":"","message":"entry-79-xxxxxxxxxxxxxxxxxxxxxxxxxxxxxxxxxxxxxxxxxxxxxxxxxxxxxxxxxxxxxxxxxxxxxxxxxxxxxxxxxxxxxxxxxxxxxxxx","path":"","source_tier":"","exception_type":"","exception_message":""}
Saving results to: D:\dev\MascotDesktop\Unity_PJ\artifacts\test-results\editmode-20260220_104153.xml
]]></output>
              </test-case>
            </test-suite>
          </test-suite>
        </test-suite>
      </test-suite>
    </test-suite>
  </test-suite>
</test-run>