<?xml version="1.0" encoding="utf-8"?>
<test-run id="2" testcasecount="9" result="Passed" total="9" passed="9" failed="0" inconclusive="0" skipped="0" asserts="0" engine-version="3.5.0.0" clr-version="4.0.30319.42000" start-time="2026-02-08 13:19:19Z" end-time="2026-02-08 13:19:19Z" duration="0.0664179">
  <test-suite type="TestSuite" id="1000" name="project" fullname="project" runstate="Runnable" testcasecount="21" result="Passed" start-time="2026-02-08 13:19:19Z" end-time="2026-02-08 13:19:19Z" duration="0.066418" total="9" passed="9" failed="0" inconclusive="0" skipped="0" asserts="0">
    <properties>
      <property name="platform" value="EditMode" />
    </properties>
    <test-suite type="Assembly" id="1025" name="MascotDesktop.Tests.EditMode.dll" fullname="D:/dev/MascotDesktop/Unity_PJ/project/Library/ScriptAssemblies/MascotDesktop.Tests.EditMode.dll" runstate="Runnable" testcasecount="21" result="Passed" start-time="2026-02-08 13:19:19Z" end-time="2026-02-08 13:19:19Z" duration="0.056199" total="9" passed="9" failed="0" inconclusive="0" skipped="0" asserts="0">
      <properties>
        <property name="_PID" value="31568" />
        <property name="_APPDOMAIN" value="Unity Child Domain" />
        <property name="platform" value="EditMode" />
        <property name="EditorOnly" value="True" />
      </properties>
      <test-suite type="TestSuite" id="1026" name="MascotDesktop" fullname="MascotDesktop" runstate="Runnable" testcasecount="21" result="Passed" start-time="2026-02-08 13:19:19Z" end-time="2026-02-08 13:19:19Z" duration="0.055246" total="9" passed="9" failed="0" inconclusive="0" skipped="0" asserts="0">
        <properties />
        <test-suite type="TestSuite" id="1027" name="Tests" fullname="MascotDesktop.Tests" runstate="Runnable" testcasecount="21" result="Passed" start-time="2026-02-08 13:19:19Z" end-time="2026-02-08 13:19:19Z" duration="0.054626" total="9" passed="9" failed="0" inconclusive="0" skipped="0" asserts="0">
          <properties />
          <test-suite type="TestSuite" id="1028" name="EditMode" fullname="MascotDesktop.Tests.EditMode" runstate="Runnable" testcasecount="21" result="Passed" start-time="2026-02-08 13:19:19Z" end-time="2026-02-08 13:19:19Z" duration="0.053935" total="9" passed="9" failed="0" inconclusive="0" skipped="0" asserts="0">
            <properties />
            <test-suite type="TestFixture" id="1015" name="RuntimeLogTests" fullname="MascotDesktop.Tests.EditMode.RuntimeLogTests" classname="MascotDesktop.Tests.EditMode.RuntimeLogTests" runstate="Runnable" testcasecount="9" result="Passed" start-time="2026-02-08 13:19:19Z" end-time="2026-02-08 13:19:19Z" duration="0.052478" total="9" passed="9" failed="0" inconclusive="0" skipped="0" asserts="0">
              <properties />
              <test-case id="1019" name="Error_AssignsDefaultErrorCode_WhenMissing" fullname="MascotDesktop.Tests.EditMode.RuntimeLogTests.Error_AssignsDefaultErrorCode_WhenMissing" methodname="Error_AssignsDefaultErrorCode_WhenMissing" classname="MascotDesktop.Tests.EditMode.RuntimeLogTests" runstate="Runnable" seed="1455713729" result="Passed" start-time="2026-02-08 13:19:19Z" end-time="2026-02-08 13:19:19Z" duration="0.013663" asserts="0">
                <properties>
                  <property name="retryIteration" value="0" />
                  <property name="repeatIteration" value="0" />
                </properties>
                <output><![CDATA[{"timestamp":"2026-02-08T13:19:19.4649815+00:00","level":"ERROR","component":"tests","event_name":"tests.runtime.error_missing_code","request_id":"req-test-error","error_code":"RUNTIME.ERROR.UNSPECIFIED","message":"","path":"","source_tier":"","exception_type":"","exception_message":""}
]]></output>
              </test-case>
              <test-case id="1022" name="Error_IncludesExceptionInfo" fullname="MascotDesktop.Tests.EditMode.RuntimeLogTests.Error_IncludesExceptionInfo" methodname="Error_IncludesExceptionInfo" classname="MascotDesktop.Tests.EditMode.RuntimeLogTests" runstate="Runnable" seed="1464706740" result="Passed" start-time="2026-02-08 13:19:19Z" end-time="2026-02-08 13:19:19Z" duration="0.001606" asserts="0">
                <properties>
                  <property name="retryIteration" value="0" />
                  <property name="repeatIteration" value="0" />
                </properties>
                <output><![CDATA[{"timestamp":"2026-02-08T13:19:19.4794434+00:00","level":"ERROR","component":"test","event_name":"test.exception","request_id":"req-test-ex","error_code":"TEST.EX.CODE","message":"with exception","path":"","source_tier":"","exception_type":"System.InvalidOperationException","exception_message":"Test exception message"}
]]></output>
              </test-case>
              <test-case id="1020" name="Info_NormalizesOptionalFieldsToEmptyString" fullname="MascotDesktop.Tests.EditMode.RuntimeLogTests.Info_NormalizesOptionalFieldsToEmptyString" methodname="Info_NormalizesOptionalFieldsToEmptyString" classname="MascotDesktop.Tests.EditMode.RuntimeLogTests" runstate="Runnable" seed="1910297248" result="Passed" start-time="2026-02-08 13:19:19Z" end-time="2026-02-08 13:19:19Z" duration="0.001429" asserts="0">
                <properties>
                  <property name="retryIteration" value="0" />
                  <property name="repeatIteration" value="0" />
                </properties>
                <output><![CDATA[{"timestamp":"2026-02-08T13:19:19.4815895+00:00","level":"INFO","component":"tests","event_name":"tests.runtime.info_defaults","request_id":"req-test-info","error_code":"","message":"","path":"","source_tier":"","exception_type":"","exception_message":""}
]]></output>
              </test-case>
              <test-case id="1021" name="Info_OutputsLogWithInfoLevel" fullname="MascotDesktop.Tests.EditMode.RuntimeLogTests.Info_OutputsLogWithInfoLevel" methodname="Info_OutputsLogWithInfoLevel" classname="MascotDesktop.Tests.EditMode.RuntimeLogTests" runstate="Runnable" seed="1034429256" result="Passed" start-time="2026-02-08 13:19:19Z" end-time="2026-02-08 13:19:19Z" duration="0.001567" asserts="0">
                <properties>
                  <property name="retryIteration" value="0" />
                  <property name="repeatIteration" value="0" />
                </properties>
                <output><![CDATA[{"timestamp":"2026-02-08T13:19:19.4825965+00:00","level":"INFO","component":"test","event_name":"test.event","request_id":"req-test-info-level","error_code":"","message":"test message","path":"","source_tier":"","exception_type":"","exception_message":""}
]]></output>
              </test-case>
              <test-case id="1017" name="NewRequestId_GeneratesUniqueIds" fullname="MascotDesktop.Tests.EditMode.RuntimeLogTests.NewRequestId_GeneratesUniqueIds" methodname="NewRequestId_GeneratesUniqueIds" classname="MascotDesktop.Tests.EditMode.RuntimeLogTests" runstate="Runnable" seed="2016181562" result="Passed" start-time="2026-02-08 13:19:19Z" end-time="2026-02-08 13:19:19Z" duration="0.008895" asserts="0">
                <properties>
                  <property name="retryIteration" value="0" />
                  <property name="repeatIteration" value="0" />
                </properties>
              </test-case>
              <test-case id="1016" name="NewRequestId_HasExpectedFormat" fullname="MascotDesktop.Tests.EditMode.RuntimeLogTests.NewRequestId_HasExpectedFormat" methodname="NewRequestId_HasExpectedFormat" classname="MascotDesktop.Tests.EditMode.RuntimeLogTests" runstate="Runnable" seed="1345637118" result="Passed" start-time="2026-02-08 13:19:19Z" end-time="2026-02-08 13:19:19Z" duration="0.000570" asserts="0">
                <properties>
                  <property name="retryIteration" value="0" />
                  <property name="repeatIteration" value="0" />
                </properties>
              </test-case>
              <test-case id="1018" name="Warn_AssignsDefaultErrorCode_WhenMissing" fullname="MascotDesktop.Tests.EditMode.RuntimeLogTests.Warn_AssignsDefaultErrorCode_WhenMissing" methodname="Warn_AssignsDefaultErrorCode_WhenMissing" classname="MascotDesktop.Tests.EditMode.RuntimeLogTests" runstate="Runnable" seed="340801599" result="Passed" start-time="2026-02-08 13:19:19Z" end-time="2026-02-08 13:19:19Z" duration="0.001483" asserts="0">
                <properties>
                  <property name="retryIteration" value="0" />
                  <property name="repeatIteration" value="0" />
                </properties>
                <output><![CDATA[{"timestamp":"2026-02-08T13:19:19.4943758+00:00","level":"WARN","component":"tests","event_name":"tests.runtime.warn_missing_code","request_id":"req-test-warn","error_code":"RUNTIME.WARN.UNSPECIFIED","message":"","path":"","source_tier":"","exception_type":"","exception_message":""}
]]></output>
              </test-case>
              <test-case id="1023" name="Write_FillsDefaultComponent_WhenEmpty" fullname="MascotDesktop.Tests.EditMode.RuntimeLogTests.Write_FillsDefaultComponent_WhenEmpty" methodname="Write_FillsDefaultComponent_WhenEmpty" classname="MascotDesktop.Tests.EditMode.RuntimeLogTests" runstate="Runnable" seed="1428292082" result="Passed" start-time="2026-02-08 13:19:19Z" end-time="2026-02-08 13:19:19Z" duration="0.001161" asserts="0">
                <properties>
                  <property name="retryIteration" value="0" />
                  <property name="repeatIteration" value="0" />
                </properties>
                <output><![CDATA[{"timestamp":"2026-02-08T13:19:19.4960080+00:00","level":"INFO","component":"runtime","event_name":"test.event","request_id":"req-test-default-component","error_code":"","message":"message","path":"","source_tier":"","exception_type":"","exception_message":""}
]]></output>
              </test-case>
              <test-case id="1024" name="Write_FillsDefaultEventName_WhenEmpty" fullname="MascotDesktop.Tests.EditMode.RuntimeLogTests.Write_FillsDefaultEventName_WhenEmpty" methodname="Write_FillsDefaultEventName_WhenEmpty" classname="MascotDesktop.Tests.EditMode.RuntimeLogTests" runstate="Runnable" seed="176184207" result="Passed" start-time="2026-02-08 13:19:19Z" end-time="2026-02-08 13:19:19Z" duration="0.001058" asserts="0">
                <properties>
                  <property name="retryIteration" value="0" />
                  <property name="repeatIteration" value="0" />
                </properties>
                <output><![CDATA[{"timestamp":"2026-02-08T13:19:19.4970133+00:00","level":"INFO","component":"test","event_name":"runtime.event","request_id":"req-test-default-event","error_code":"","message":"message","path":"","source_tier":"","exception_type":"","exception_message":""}
Saving results to: D:\dev\MascotDesktop\Unity_PJ\artifacts\test-results\runtimelog-tests-20260208_221908.xml
]]></output>
              </test-case>
            </test-suite>
          </test-suite>
        </test-suite>
      </test-suite>
    </test-suite>
  </test-suite>
</test-run>